<?xml version="1.0" ?>
<coverage version="7.15.2" timestamp="1787056019213" lines-valid="2967" lines-covered="2051" line-rate="0.6913" branches-covered="0" branches-valid="0" branch-rate="0" complexity="0">
	<!-- Generated by coverage.py: https://coverage.readthedocs.io/en/7.15.2 -->
	<!-- Based on https://raw.githubusercontent.com/cobertura/web/master/htdocs/xml/coverage-04.dtd -->
	<sources>
		<source>/app/apps</source>
	</sources>
	<packages>
		<package name="." line-rate="1" branch-rate="0" complexity="0">
			<classes>
				<class name="__init__.py" filename="__init__.py" complexity="0" line-rate="1" branch-rate="0">
					<methods/>
					<lines/>
				</class>
			</classes>
		</package>
		<package name="agents" line-rate="0.7818" branch-rate="0" complexity="0">
			<classes>
				<class name="__init__.py" filename="agents/__init__.py" complexity="0" line-rate="1" branch-rate="0">
					<methods/>
					<lines>
						<line number="1" hits="1"/>
						<line number="2" hits="1"/>
						<line number="4" hits="1"/>
					</lines>
				</class>
				<class name="adk_orchestrator.py" filename="agents/adk_orchestrator.py" complexity="0" line-rate="0.8029" branch-rate="0">
					<methods/>
					<lines>
						<line number="6" hits="1"/>
						<line number="7" hits="1"/>
						<line number="8" hits="1"/>
						<line number="9" hits="1"/>
						<line number="10" hits="1"/>
						<line number="11" hits="1"/>
						<line number="12" hits="1"/>
						<line number="13" hits="1"/>
						<line number="14" hits="1"/>
						<line number="15" hits="1"/>
						<line number="16" hits="1"/>
						<line number="18" hits="1"/>
						<line number="21" hits="1"/>
						<line number="47" hits="1"/>
						<line number="50" hits="1"/>
						<line number="51" hits="1"/>
						<line number="52" hits="1"/>
						<line number="53" hits="1"/>
						<line number="55" hits="1"/>
						<line number="57" hits="1"/>
						<line number="58" hits="1"/>
						<line number="61" hits="1"/>
						<line number="62" hits="1"/>
						<line number="63" hits="1"/>
						<line number="64" hits="1"/>
						<line number="66" hits="1"/>
						<line number="68" hits="1"/>
						<line number="71" hits="1"/>
						<line number="79" hits="1"/>
						<line number="81" hits="1"/>
						<line number="82" hits="1"/>
						<line number="83" hits="1"/>
						<line number="85" hits="1"/>
						<line number="86" hits="1"/>
						<line number="87" hits="1"/>
						<line number="89" hits="1"/>
						<line number="91" hits="1"/>
						<line number="93" hits="1"/>
						<line number="105" hits="1"/>
						<line number="108" hits="1"/>
						<line number="109" hits="1"/>
						<line number="111" hits="1"/>
						<line number="112" hits="1"/>
						<line number="114" hits="1"/>
						<line number="115" hits="1"/>
						<line number="117" hits="1"/>
						<line number="119" hits="1"/>
						<line number="121" hits="1"/>
						<line number="122" hits="0"/>
						<line number="124" hits="1"/>
						<line number="125" hits="1"/>
						<line number="126" hits="1"/>
						<line number="127" hits="1"/>
						<line number="131" hits="1"/>
						<line number="132" hits="1"/>
						<line number="134" hits="1"/>
						<line number="135" hits="1"/>
						<line number="136" hits="1"/>
						<line number="137" hits="0"/>
						<line number="139" hits="0"/>
						<line number="141" hits="1"/>
						<line number="143" hits="0"/>
						<line number="144" hits="0"/>
						<line number="145" hits="0"/>
						<line number="147" hits="1"/>
						<line number="153" hits="1"/>
						<line number="156" hits="1"/>
						<line number="157" hits="1"/>
						<line number="158" hits="1"/>
						<line number="160" hits="0"/>
						<line number="162" hits="1"/>
						<line number="164" hits="1"/>
						<line number="165" hits="1"/>
						<line number="166" hits="1"/>
						<line number="169" hits="1"/>
						<line number="170" hits="1"/>
						<line number="173" hits="1"/>
						<line number="176" hits="1"/>
						<line number="177" hits="1"/>
						<line number="184" hits="1"/>
						<line number="185" hits="0"/>
						<line number="186" hits="0"/>
						<line number="187" hits="0"/>
						<line number="188" hits="0"/>
						<line number="190" hits="1"/>
						<line number="191" hits="1"/>
						<line number="193" hits="1"/>
						<line number="199" hits="0"/>
						<line number="200" hits="0"/>
						<line number="201" hits="0"/>
						<line number="203" hits="1"/>
						<line number="204" hits="1"/>
						<line number="205" hits="0"/>
						<line number="206" hits="0"/>
						<line number="207" hits="0"/>
						<line number="208" hits="0"/>
						<line number="209" hits="0"/>
						<line number="211" hits="1"/>
						<line number="215" hits="1"/>
						<line number="217" hits="1"/>
						<line number="218" hits="1"/>
						<line number="219" hits="0"/>
						<line number="220" hits="0"/>
						<line number="221" hits="0"/>
						<line number="222" hits="0"/>
						<line number="224" hits="0"/>
						<line number="227" hits="1"/>
						<line number="228" hits="1"/>
						<line number="231" hits="1"/>
						<line number="232" hits="1"/>
						<line number="233" hits="1"/>
						<line number="234" hits="1"/>
						<line number="235" hits="1"/>
						<line number="238" hits="1"/>
						<line number="239" hits="1"/>
						<line number="241" hits="0"/>
						<line number="242" hits="0"/>
						<line number="243" hits="0"/>
						<line number="245" hits="1"/>
						<line number="247" hits="1"/>
						<line number="249" hits="1"/>
						<line number="252" hits="1"/>
						<line number="253" hits="1"/>
						<line number="260" hits="1"/>
						<line number="261" hits="1"/>
						<line number="262" hits="1"/>
						<line number="263" hits="1"/>
						<line number="264" hits="1"/>
						<line number="265" hits="1"/>
						<line number="267" hits="1"/>
						<line number="268" hits="1"/>
						<line number="270" hits="1"/>
						<line number="276" hits="1"/>
						<line number="278" hits="1"/>
						<line number="286" hits="1"/>
						<line number="288" hits="1"/>
						<line number="290" hits="1"/>
					</lines>
				</class>
				<class name="base.py" filename="agents/base.py" complexity="0" line-rate="0.8182" branch-rate="0">
					<methods/>
					<lines>
						<line number="1" hits="1"/>
						<line number="2" hits="1"/>
						<line number="3" hits="1"/>
						<line number="5" hits="1"/>
						<line number="8" hits="1"/>
						<line number="11" hits="1"/>
						<line number="12" hits="1"/>
						<line number="13" hits="1"/>
						<line number="14" hits="1"/>
						<line number="15" hits="1"/>
						<line number="16" hits="1"/>
						<line number="17" hits="1"/>
						<line number="19" hits="1"/>
						<line number="20" hits="1"/>
						<line number="22" hits="0"/>
						<line number="24" hits="1"/>
						<line number="25" hits="1"/>
						<line number="27" hits="0"/>
						<line number="29" hits="1"/>
						<line number="31" hits="0"/>
						<line number="33" hits="1"/>
						<line number="35" hits="0"/>
					</lines>
				</class>
				<class name="registry.py" filename="agents/registry.py" complexity="0" line-rate="1" branch-rate="0">
					<methods/>
					<lines>
						<line number="1" hits="1"/>
						<line number="2" hits="1"/>
						<line number="3" hits="1"/>
						<line number="5" hits="1"/>
						<line number="6" hits="1"/>
						<line number="7" hits="1"/>
						<line number="8" hits="1"/>
						<line number="10" hits="1"/>
						<line number="12" hits="1"/>
						<line number="13" hits="1"/>
						<line number="14" hits="1"/>
						<line number="16" hits="1"/>
						<line number="21" hits="1"/>
						<line number="22" hits="1"/>
						<line number="24" hits="1"/>
						<line number="36" hits="1"/>
						<line number="38" hits="1"/>
						<line number="51" hits="1"/>
						<line number="52" hits="1"/>
						<line number="54" hits="1"/>
						<line number="56" hits="1"/>
						<line number="58" hits="1"/>
						<line number="59" hits="1"/>
						<line number="60" hits="1"/>
						<line number="62" hits="1"/>
						<line number="63" hits="1"/>
						<line number="64" hits="1"/>
						<line number="65" hits="1"/>
						<line number="68" hits="1"/>
						<line number="70" hits="1"/>
						<line number="72" hits="1"/>
						<line number="74" hits="1"/>
						<line number="76" hits="1"/>
					</lines>
				</class>
				<class name="specialized.py" filename="agents/specialized.py" complexity="0" line-rate="0.8635" branch-rate="0">
					<methods/>
					<lines>
						<line number="2" hits="1"/>
						<line number="3" hits="1"/>
						<line number="4" hits="1"/>
						<line number="5" hits="1"/>
						<line number="6" hits="1"/>
						<line number="7" hits="1"/>
						<line number="8" hits="1"/>
						<line number="9" hits="1"/>
						<line number="10" hits="1"/>
						<line number="11" hits="1"/>
						<line number="12" hits="1"/>
						<line number="13" hits="1"/>
						<line number="14" hits="1"/>
						<line number="15" hits="1"/>
						<line number="16" hits="1"/>
						<line number="17" hits="1"/>
						<line number="18" hits="1"/>
						<line number="19" hits="1"/>
						<line number="20" hits="1"/>
						<line number="21" hits="1"/>
						<line number="22" hits="1"/>
						<line number="23" hits="1"/>
						<line number="24" hits="1"/>
						<line number="26" hits="1"/>
						<line number="28" hits="1"/>
						<line number="29" hits="1"/>
						<line number="30" hits="1"/>
						<line number="37" hits="1"/>
						<line number="38" hits="1"/>
						<line number="39" hits="1"/>
						<line number="42" hits="1"/>
						<line number="43" hits="1"/>
						<line number="46" hits="1"/>
						<line number="47" hits="0"/>
						<line number="49" hits="0"/>
						<line number="50" hits="0"/>
						<line number="51" hits="0"/>
						<line number="54" hits="1"/>
						<line number="64" hits="1"/>
						<line number="66" hits="1"/>
						<line number="76" hits="1"/>
						<line number="83" hits="1"/>
						<line number="88" hits="1"/>
						<line number="89" hits="1"/>
						<line number="90" hits="1"/>
						<line number="92" hits="1"/>
						<line number="93" hits="0"/>
						<line number="95" hits="1"/>
						<line number="96" hits="1"/>
						<line number="97" hits="1"/>
						<line number="98" hits="1"/>
						<line number="99" hits="1"/>
						<line number="103" hits="1"/>
						<line number="104" hits="1"/>
						<line number="105" hits="1"/>
						<line number="110" hits="1"/>
						<line number="112" hits="1"/>
						<line number="113" hits="1"/>
						<line number="114" hits="1"/>
						<line number="118" hits="1"/>
						<line number="120" hits="1"/>
						<line number="123" hits="0"/>
						<line number="124" hits="0"/>
						<line number="125" hits="0"/>
						<line number="130" hits="1"/>
						<line number="131" hits="1"/>
						<line number="132" hits="1"/>
						<line number="139" hits="1"/>
						<line number="140" hits="1"/>
						<line number="146" hits="0"/>
						<line number="147" hits="0"/>
						<line number="149" hits="1"/>
						<line number="151" hits="1"/>
						<line number="157" hits="1"/>
						<line number="158" hits="1"/>
						<line number="159" hits="1"/>
						<line number="161" hits="1"/>
						<line number="163" hits="1"/>
						<line number="164" hits="1"/>
						<line number="165" hits="1"/>
						<line number="167" hits="1"/>
						<line number="168" hits="1"/>
						<line number="177" hits="1"/>
						<line number="178" hits="1"/>
						<line number="179" hits="1"/>
						<line number="186" hits="1"/>
						<line number="187" hits="1"/>
						<line number="190" hits="1"/>
						<line number="192" hits="1"/>
						<line number="194" hits="1"/>
						<line number="196" hits="1"/>
						<line number="197" hits="1"/>
						<line number="199" hits="1"/>
						<line number="200" hits="1"/>
						<line number="201" hits="1"/>
						<line number="210" hits="1"/>
						<line number="211" hits="1"/>
						<line number="212" hits="1"/>
						<line number="213" hits="1"/>
						<line number="215" hits="1"/>
						<line number="216" hits="1"/>
						<line number="217" hits="1"/>
						<line number="219" hits="1"/>
						<line number="222" hits="1"/>
						<line number="225" hits="1"/>
						<line number="226" hits="1"/>
						<line number="227" hits="1"/>
						<line number="228" hits="1"/>
						<line number="229" hits="1"/>
						<line number="231" hits="1"/>
						<line number="233" hits="1"/>
						<line number="235" hits="1"/>
						<line number="236" hits="1"/>
						<line number="237" hits="1"/>
						<line number="240" hits="1"/>
						<line number="241" hits="1"/>
						<line number="243" hits="1"/>
						<line number="250" hits="1"/>
						<line number="251" hits="1"/>
						<line number="253" hits="1"/>
						<line number="254" hits="1"/>
						<line number="255" hits="1"/>
						<line number="257" hits="1"/>
						<line number="258" hits="1"/>
						<line number="259" hits="0"/>
						<line number="260" hits="0"/>
						<line number="261" hits="0"/>
						<line number="264" hits="1"/>
						<line number="265" hits="1"/>
						<line number="266" hits="1"/>
						<line number="267" hits="1"/>
						<line number="268" hits="0"/>
						<line number="269" hits="0"/>
						<line number="271" hits="1"/>
						<line number="285" hits="1"/>
						<line number="286" hits="1"/>
						<line number="290" hits="1"/>
						<line number="291" hits="1"/>
						<line number="292" hits="1"/>
						<line number="294" hits="1"/>
						<line number="295" hits="0"/>
						<line number="297" hits="1"/>
						<line number="298" hits="1"/>
						<line number="302" hits="1"/>
						<line number="304" hits="1"/>
						<line number="306" hits="1"/>
						<line number="307" hits="1"/>
						<line number="308" hits="1"/>
						<line number="310" hits="1"/>
						<line number="311" hits="1"/>
						<line number="312" hits="1"/>
						<line number="314" hits="1"/>
						<line number="322" hits="1"/>
						<line number="323" hits="1"/>
						<line number="332" hits="1"/>
						<line number="333" hits="1"/>
						<line number="334" hits="1"/>
						<line number="341" hits="1"/>
						<line number="342" hits="1"/>
						<line number="344" hits="1"/>
						<line number="345" hits="1"/>
						<line number="347" hits="1"/>
						<line number="349" hits="1"/>
						<line number="350" hits="1"/>
						<line number="353" hits="1"/>
						<line number="356" hits="1"/>
						<line number="357" hits="0"/>
						<line number="359" hits="1"/>
						<line number="363" hits="1"/>
						<line number="374" hits="1"/>
						<line number="375" hits="1"/>
						<line number="376" hits="1"/>
						<line number="377" hits="1"/>
						<line number="378" hits="0"/>
						<line number="379" hits="1"/>
						<line number="380" hits="1"/>
						<line number="381" hits="1"/>
						<line number="384" hits="1"/>
						<line number="386" hits="1"/>
						<line number="387" hits="1"/>
						<line number="389" hits="1"/>
						<line number="390" hits="1"/>
						<line number="392" hits="1"/>
						<line number="399" hits="1"/>
						<line number="400" hits="1"/>
						<line number="401" hits="1"/>
						<line number="402" hits="1"/>
						<line number="404" hits="1"/>
						<line number="406" hits="1"/>
						<line number="407" hits="1"/>
						<line number="408" hits="1"/>
						<line number="409" hits="0"/>
						<line number="410" hits="1"/>
						<line number="411" hits="1"/>
						<line number="413" hits="1"/>
						<line number="425" hits="1"/>
						<line number="426" hits="1"/>
						<line number="427" hits="1"/>
						<line number="428" hits="1"/>
						<line number="429" hits="1"/>
						<line number="431" hits="1"/>
						<line number="433" hits="1"/>
						<line number="439" hits="1"/>
						<line number="440" hits="1"/>
						<line number="449" hits="1"/>
						<line number="450" hits="1"/>
						<line number="451" hits="1"/>
						<line number="458" hits="1"/>
						<line number="459" hits="1"/>
						<line number="461" hits="1"/>
						<line number="462" hits="1"/>
						<line number="463" hits="1"/>
						<line number="464" hits="1"/>
						<line number="465" hits="1"/>
						<line number="466" hits="1"/>
						<line number="467" hits="1"/>
						<line number="469" hits="1"/>
						<line number="470" hits="1"/>
						<line number="471" hits="0"/>
						<line number="474" hits="1"/>
						<line number="475" hits="1"/>
						<line number="477" hits="1"/>
						<line number="479" hits="1"/>
						<line number="490" hits="1"/>
						<line number="499" hits="1"/>
						<line number="500" hits="1"/>
						<line number="501" hits="1"/>
						<line number="503" hits="1"/>
						<line number="510" hits="1"/>
						<line number="512" hits="1"/>
						<line number="513" hits="1"/>
						<line number="519" hits="0"/>
						<line number="520" hits="0"/>
						<line number="521" hits="0"/>
						<line number="526" hits="1"/>
						<line number="528" hits="1"/>
						<line number="529" hits="1"/>
						<line number="530" hits="1"/>
						<line number="531" hits="1"/>
						<line number="532" hits="1"/>
						<line number="535" hits="1"/>
						<line number="536" hits="0"/>
						<line number="537" hits="0"/>
						<line number="538" hits="0"/>
						<line number="541" hits="1"/>
						<line number="542" hits="0"/>
						<line number="543" hits="0"/>
						<line number="544" hits="0"/>
						<line number="548" hits="1"/>
						<line number="549" hits="1"/>
						<line number="550" hits="1"/>
						<line number="554" hits="1"/>
						<line number="555" hits="1"/>
						<line number="557" hits="1"/>
						<line number="559" hits="1"/>
						<line number="567" hits="1"/>
						<line number="568" hits="1"/>
						<line number="570" hits="1"/>
						<line number="571" hits="1"/>
						<line number="572" hits="1"/>
						<line number="579" hits="1"/>
						<line number="580" hits="1"/>
						<line number="582" hits="1"/>
						<line number="583" hits="1"/>
						<line number="584" hits="1"/>
						<line number="585" hits="1"/>
						<line number="586" hits="1"/>
						<line number="587" hits="1"/>
						<line number="588" hits="1"/>
						<line number="590" hits="1"/>
						<line number="591" hits="1"/>
						<line number="592" hits="0"/>
						<line number="595" hits="1"/>
						<line number="596" hits="1"/>
						<line number="598" hits="1"/>
						<line number="600" hits="1"/>
						<line number="609" hits="1"/>
						<line number="617" hits="1"/>
						<line number="618" hits="1"/>
						<line number="619" hits="1"/>
						<line number="621" hits="1"/>
						<line number="629" hits="1"/>
						<line number="631" hits="1"/>
						<line number="632" hits="1"/>
						<line number="638" hits="0"/>
						<line number="639" hits="0"/>
						<line number="640" hits="0"/>
						<line number="657" hits="1"/>
						<line number="658" hits="1"/>
						<line number="659" hits="1"/>
						<line number="660" hits="1"/>
						<line number="661" hits="1"/>
						<line number="662" hits="1"/>
						<line number="663" hits="1"/>
						<line number="664" hits="1"/>
						<line number="666" hits="1"/>
						<line number="667" hits="1"/>
						<line number="669" hits="1"/>
						<line number="670" hits="1"/>
						<line number="672" hits="1"/>
						<line number="673" hits="1"/>
						<line number="674" hits="1"/>
						<line number="681" hits="1"/>
						<line number="682" hits="1"/>
						<line number="684" hits="1"/>
						<line number="685" hits="1"/>
						<line number="686" hits="1"/>
						<line number="687" hits="1"/>
						<line number="688" hits="1"/>
						<line number="689" hits="1"/>
						<line number="690" hits="1"/>
						<line number="692" hits="1"/>
						<line number="693" hits="1"/>
						<line number="694" hits="1"/>
						<line number="697" hits="1"/>
						<line number="698" hits="1"/>
						<line number="700" hits="1"/>
						<line number="703" hits="1"/>
						<line number="716" hits="1"/>
						<line number="725" hits="1"/>
						<line number="726" hits="1"/>
						<line number="727" hits="1"/>
						<line number="729" hits="1"/>
						<line number="737" hits="1"/>
						<line number="739" hits="1"/>
						<line number="740" hits="1"/>
						<line number="746" hits="0"/>
						<line number="748" hits="0"/>
						<line number="749" hits="0"/>
						<line number="763" hits="1"/>
						<line number="764" hits="1"/>
						<line number="765" hits="1"/>
						<line number="766" hits="1"/>
						<line number="768" hits="1"/>
						<line number="769" hits="0"/>
						<line number="771" hits="1"/>
						<line number="778" hits="1"/>
						<line number="779" hits="1"/>
						<line number="780" hits="1"/>
						<line number="781" hits="1"/>
						<line number="782" hits="1"/>
						<line number="784" hits="1"/>
						<line number="785" hits="1"/>
						<line number="787" hits="1"/>
						<line number="788" hits="1"/>
						<line number="790" hits="1"/>
						<line number="791" hits="1"/>
						<line number="792" hits="1"/>
						<line number="798" hits="1"/>
						<line number="799" hits="0"/>
						<line number="800" hits="0"/>
						<line number="801" hits="0"/>
						<line number="803" hits="0"/>
						<line number="804" hits="0"/>
						<line number="805" hits="0"/>
						<line number="806" hits="0"/>
						<line number="807" hits="0"/>
						<line number="809" hits="0"/>
						<line number="810" hits="0"/>
						<line number="811" hits="0"/>
						<line number="812" hits="0"/>
						<line number="813" hits="0"/>
						<line number="814" hits="0"/>
						<line number="816" hits="0"/>
						<line number="817" hits="0"/>
						<line number="818" hits="0"/>
						<line number="820" hits="0"/>
						<line number="822" hits="0"/>
						<line number="823" hits="0"/>
						<line number="824" hits="0"/>
						<line number="825" hits="0"/>
						<line number="826" hits="0"/>
						<line number="827" hits="1"/>
						<line number="828" hits="1"/>
						<line number="830" hits="1"/>
						<line number="831" hits="1"/>
						<line number="832" hits="1"/>
						<line number="840" hits="1"/>
						<line number="854" hits="1"/>
						<line number="855" hits="1"/>
						<line number="858" hits="1"/>
						<line number="860" hits="1"/>
						<line number="861" hits="1"/>
						<line number="863" hits="1"/>
						<line number="864" hits="1"/>
						<line number="865" hits="1"/>
						<line number="866" hits="1"/>
						<line number="867" hits="1"/>
						<line number="868" hits="1"/>
						<line number="871" hits="0"/>
						<line number="874" hits="1"/>
						<line number="877" hits="1"/>
						<line number="878" hits="1"/>
						<line number="881" hits="1"/>
						<line number="883" hits="1"/>
						<line number="893" hits="1"/>
						<line number="894" hits="1"/>
						<line number="895" hits="1"/>
						<line number="897" hits="1"/>
						<line number="899" hits="1"/>
						<line number="901" hits="1"/>
						<line number="902" hits="1"/>
						<line number="903" hits="1"/>
						<line number="909" hits="1"/>
						<line number="911" hits="1"/>
						<line number="913" hits="1"/>
						<line number="914" hits="1"/>
						<line number="915" hits="1"/>
						<line number="919" hits="1"/>
						<line number="921" hits="1"/>
						<line number="923" hits="1"/>
						<line number="924" hits="1"/>
						<line number="925" hits="1"/>
						<line number="926" hits="1"/>
						<line number="930" hits="1"/>
						<line number="932" hits="1"/>
						<line number="934" hits="1"/>
						<line number="936" hits="1"/>
						<line number="937" hits="1"/>
						<line number="938" hits="1"/>
						<line number="939" hits="1"/>
						<line number="940" hits="0"/>
						<line number="941" hits="0"/>
						<line number="943" hits="1"/>
						<line number="944" hits="1"/>
						<line number="945" hits="1"/>
						<line number="946" hits="1"/>
						<line number="949" hits="1"/>
						<line number="950" hits="1"/>
						<line number="951" hits="1"/>
						<line number="953" hits="1"/>
						<line number="954" hits="0"/>
						<line number="956" hits="1"/>
						<line number="958" hits="1"/>
						<line number="959" hits="1"/>
						<line number="969" hits="1"/>
						<line number="970" hits="1"/>
						<line number="971" hits="1"/>
						<line number="977" hits="1"/>
						<line number="978" hits="1"/>
						<line number="979" hits="1"/>
						<line number="980" hits="0"/>
						<line number="983" hits="0"/>
						<line number="985" hits="1"/>
						<line number="986" hits="0"/>
						<line number="988" hits="1"/>
						<line number="990" hits="1"/>
						<line number="991" hits="1"/>
						<line number="992" hits="1"/>
						<line number="993" hits="1"/>
						<line number="994" hits="1"/>
						<line number="996" hits="1"/>
						<line number="1001" hits="1"/>
						<line number="1003" hits="1"/>
						<line number="1010" hits="1"/>
						<line number="1011" hits="1"/>
						<line number="1012" hits="1"/>
						<line number="1019" hits="1"/>
						<line number="1020" hits="1"/>
						<line number="1021" hits="1"/>
						<line number="1022" hits="1"/>
						<line number="1023" hits="1"/>
						<line number="1025" hits="1"/>
						<line number="1027" hits="1"/>
						<line number="1029" hits="1"/>
						<line number="1030" hits="1"/>
						<line number="1032" hits="1"/>
						<line number="1033" hits="1"/>
						<line number="1034" hits="1"/>
						<line number="1041" hits="1"/>
						<line number="1042" hits="1"/>
						<line number="1044" hits="1"/>
						<line number="1045" hits="1"/>
						<line number="1046" hits="1"/>
						<line number="1048" hits="1"/>
						<line number="1049" hits="1"/>
						<line number="1050" hits="0"/>
						<line number="1052" hits="1"/>
						<line number="1053" hits="1"/>
						<line number="1059" hits="1"/>
						<line number="1061" hits="1"/>
						<line number="1068" hits="1"/>
						<line number="1069" hits="1"/>
						<line number="1071" hits="1"/>
						<line number="1072" hits="1"/>
						<line number="1073" hits="1"/>
						<line number="1074" hits="1"/>
						<line number="1075" hits="1"/>
						<line number="1077" hits="1"/>
						<line number="1078" hits="1"/>
						<line number="1079" hits="1"/>
						<line number="1080" hits="1"/>
						<line number="1082" hits="1"/>
						<line number="1083" hits="1"/>
						<line number="1085" hits="1"/>
						<line number="1086" hits="1"/>
						<line number="1088" hits="1"/>
						<line number="1089" hits="1"/>
					</lines>
				</class>
				<class name="telegram_republisher.py" filename="agents/telegram_republisher.py" complexity="0" line-rate="0.26" branch-rate="0">
					<methods/>
					<lines>
						<line number="7" hits="1"/>
						<line number="8" hits="1"/>
						<line number="9" hits="1"/>
						<line number="10" hits="1"/>
						<line number="11" hits="1"/>
						<line number="13" hits="1"/>
						<line number="14" hits="1"/>
						<line number="15" hits="1"/>
						<line number="16" hits="1"/>
						<line number="17" hits="1"/>
						<line number="18" hits="1"/>
						<line number="19" hits="1"/>
						<line number="21" hits="1"/>
						<line number="24" hits="1"/>
						<line number="27" hits="1"/>
						<line number="28" hits="1"/>
						<line number="33" hits="1"/>
						<line number="34" hits="1"/>
						<line number="36" hits="1"/>
						<line number="46" hits="0"/>
						<line number="47" hits="0"/>
						<line number="49" hits="0"/>
						<line number="50" hits="0"/>
						<line number="52" hits="0"/>
						<line number="55" hits="0"/>
						<line number="57" hits="0"/>
						<line number="63" hits="0"/>
						<line number="64" hits="0"/>
						<line number="65" hits="0"/>
						<line number="71" hits="1"/>
						<line number="73" hits="0"/>
						<line number="74" hits="0"/>
						<line number="78" hits="0"/>
						<line number="79" hits="0"/>
						<line number="81" hits="0"/>
						<line number="82" hits="0"/>
						<line number="84" hits="0"/>
						<line number="85" hits="0"/>
						<line number="88" hits="0"/>
						<line number="90" hits="0"/>
						<line number="91" hits="0"/>
						<line number="94" hits="0"/>
						<line number="96" hits="0"/>
						<line number="105" hits="1"/>
						<line number="107" hits="0"/>
						<line number="109" hits="0"/>
						<line number="111" hits="0"/>
						<line number="118" hits="0"/>
						<line number="120" hits="0"/>
						<line number="122" hits="0"/>
						<line number="124" hits="0"/>
						<line number="125" hits="0"/>
						<line number="126" hits="0"/>
						<line number="135" hits="0"/>
						<line number="141" hits="1"/>
						<line number="151" hits="0"/>
						<line number="152" hits="0"/>
						<line number="153" hits="0"/>
						<line number="155" hits="0"/>
						<line number="156" hits="0"/>
						<line number="173" hits="0"/>
						<line number="174" hits="0"/>
						<line number="184" hits="0"/>
						<line number="185" hits="0"/>
						<line number="186" hits="0"/>
						<line number="188" hits="0"/>
						<line number="189" hits="0"/>
						<line number="190" hits="0"/>
						<line number="192" hits="1"/>
						<line number="194" hits="0"/>
						<line number="195" hits="0"/>
						<line number="196" hits="0"/>
						<line number="199" hits="0"/>
						<line number="208" hits="0"/>
						<line number="213" hits="0"/>
						<line number="214" hits="0"/>
						<line number="216" hits="0"/>
						<line number="217" hits="0"/>
						<line number="218" hits="0"/>
						<line number="220" hits="1"/>
						<line number="221" hits="1"/>
						<line number="229" hits="1"/>
						<line number="233" hits="0"/>
						<line number="235" hits="0"/>
						<line number="237" hits="0"/>
						<line number="243" hits="0"/>
						<line number="244" hits="0"/>
						<line number="250" hits="0"/>
						<line number="256" hits="0"/>
						<line number="257" hits="0"/>
						<line number="258" hits="0"/>
						<line number="266" hits="0"/>
						<line number="269" hits="0"/>
						<line number="270" hits="0"/>
						<line number="271" hits="0"/>
						<line number="273" hits="0"/>
						<line number="278" hits="0"/>
						<line number="285" hits="0"/>
						<line number="286" hits="0"/>
						<line number="287" hits="0"/>
					</lines>
				</class>
			</classes>
		</package>
		<package name="api" line-rate="0.8348" branch-rate="0" complexity="0">
			<classes>
				<class name="__init__.py" filename="api/__init__.py" complexity="0" line-rate="1" branch-rate="0">
					<methods/>
					<lines/>
				</class>
				<class name="auth.py" filename="api/auth.py" complexity="0" line-rate="0.9048" branch-rate="0">
					<methods/>
					<lines>
						<line number="5" hits="1"/>
						<line number="6" hits="1"/>
						<line number="7" hits="1"/>
						<line number="8" hits="1"/>
						<line number="9" hits="1"/>
						<line number="10" hits="1"/>
						<line number="11" hits="1"/>
						<line number="12" hits="1"/>
						<line number="14" hits="1"/>
						<line number="17" hits="1"/>
						<line number="18" hits="1"/>
						<line number="21" hits="1"/>
						<line number="28" hits="1"/>
						<line number="30" hits="1"/>
						<line number="31" hits="1"/>
						<line number="32" hits="0"/>
						<line number="34" hits="1"/>
						<line number="35" hits="1"/>
						<line number="36" hits="1"/>
						<line number="37" hits="1"/>
						<line number="39" hits="1"/>
						<line number="41" hits="1"/>
						<line number="42" hits="1"/>
						<line number="43" hits="1"/>
						<line number="48" hits="0"/>
						<line number="49" hits="0"/>
						<line number="50" hits="0"/>
						<line number="56" hits="1"/>
						<line number="57" hits="1"/>
						<line number="60" hits="1"/>
						<line number="61" hits="1"/>
						<line number="65" hits="1"/>
						<line number="66" hits="1"/>
						<line number="69" hits="1"/>
						<line number="70" hits="1"/>
						<line number="71" hits="1"/>
						<line number="72" hits="1"/>
						<line number="73" hits="1"/>
						<line number="76" hits="1"/>
						<line number="77" hits="1"/>
						<line number="79" hits="1"/>
						<line number="81" hits="1"/>
					</lines>
				</class>
				<class name="config.py" filename="api/config.py" complexity="0" line-rate="0.9167" branch-rate="0">
					<methods/>
					<lines>
						<line number="1" hits="1"/>
						<line number="2" hits="1"/>
						<line number="3" hits="1"/>
						<line number="6" hits="1"/>
						<line number="8" hits="1"/>
						<line number="9" hits="1"/>
						<line number="10" hits="1"/>
						<line number="11" hits="1"/>
						<line number="12" hits="1"/>
						<line number="15" hits="1"/>
						<line number="18" hits="1"/>
						<line number="21" hits="1"/>
						<line number="24" hits="1"/>
						<line number="25" hits="1"/>
						<line number="26" hits="1"/>
						<line number="27" hits="1"/>
						<line number="28" hits="1"/>
						<line number="29" hits="1"/>
						<line number="30" hits="1"/>
						<line number="33" hits="1"/>
						<line number="34" hits="1"/>
						<line number="37" hits="1"/>
						<line number="38" hits="1"/>
						<line number="39" hits="1"/>
						<line number="40" hits="1"/>
						<line number="41" hits="1"/>
						<line number="42" hits="1"/>
						<line number="45" hits="1"/>
						<line number="46" hits="1"/>
						<line number="47" hits="1"/>
						<line number="48" hits="1"/>
						<line number="49" hits="1"/>
						<line number="50" hits="1"/>
						<line number="51" hits="1"/>
						<line number="52" hits="1"/>
						<line number="53" hits="1"/>
						<line number="56" hits="1"/>
						<line number="59" hits="1"/>
						<line number="60" hits="1"/>
						<line number="63" hits="1"/>
						<line number="64" hits="1"/>
						<line number="68" hits="1"/>
						<line number="69" hits="1"/>
						<line number="70" hits="1"/>
						<line number="71" hits="1"/>
						<line number="72" hits="1"/>
						<line number="73" hits="1"/>
						<line number="74" hits="1"/>
						<line number="75" hits="1"/>
						<line number="76" hits="1"/>
						<line number="77" hits="1"/>
						<line number="78" hits="1"/>
						<line number="79" hits="1"/>
						<line number="82" hits="1"/>
						<line number="83" hits="1"/>
						<line number="84" hits="1"/>
						<line number="85" hits="1"/>
						<line number="86" hits="1"/>
						<line number="87" hits="1"/>
						<line number="88" hits="1"/>
						<line number="89" hits="1"/>
						<line number="90" hits="1"/>
						<line number="91" hits="1"/>
						<line number="92" hits="1"/>
						<line number="93" hits="1"/>
						<line number="96" hits="1"/>
						<line number="97" hits="1"/>
						<line number="98" hits="1"/>
						<line number="99" hits="1"/>
						<line number="100" hits="1"/>
						<line number="101" hits="1"/>
						<line number="102" hits="1"/>
						<line number="103" hits="1"/>
						<line number="104" hits="1"/>
						<line number="105" hits="1"/>
						<line number="106" hits="1"/>
						<line number="107" hits="1"/>
						<line number="108" hits="1"/>
						<line number="112" hits="1"/>
						<line number="118" hits="1"/>
						<line number="119" hits="1"/>
						<line number="121" hits="1"/>
						<line number="122" hits="1"/>
						<line number="125" hits="1"/>
						<line number="126" hits="1"/>
						<line number="129" hits="1"/>
						<line number="130" hits="1"/>
						<line number="133" hits="1"/>
						<line number="134" hits="1"/>
						<line number="137" hits="1"/>
						<line number="138" hits="0"/>
						<line number="139" hits="0"/>
						<line number="141" hits="1"/>
						<line number="142" hits="1"/>
						<line number="143" hits="0"/>
						<line number="145" hits="1"/>
						<line number="146" hits="1"/>
						<line number="147" hits="0"/>
						<line number="149" hits="1"/>
						<line number="151" hits="0"/>
						<line number="152" hits="0"/>
						<line number="155" hits="1"/>
						<line number="156" hits="1"/>
						<line number="157" hits="0"/>
						<line number="161" hits="0"/>
						<line number="163" hits="1"/>
						<line number="164" hits="1"/>
						<line number="170" hits="0"/>
						<line number="172" hits="1"/>
						<line number="173" hits="1"/>
						<line number="177" hits="0"/>
						<line number="179" hits="1"/>
						<line number="180" hits="1"/>
						<line number="183" hits="1"/>
						<line number="185" hits="1"/>
						<line number="187" hits="1"/>
						<line number="193" hits="1"/>
						<line number="194" hits="1"/>
						<line number="195" hits="1"/>
						<line number="198" hits="1"/>
					</lines>
				</class>
				<class name="database.py" filename="api/database.py" complexity="0" line-rate="1" branch-rate="0">
					<methods/>
					<lines/>
				</class>
				<class name="main.py" filename="api/main.py" complexity="0" line-rate="0.6471" branch-rate="0">
					<methods/>
					<lines>
						<line number="1" hits="1"/>
						<line number="2" hits="1"/>
						<line number="3" hits="1"/>
						<line number="4" hits="1"/>
						<line number="5" hits="1"/>
						<line number="6" hits="1"/>
						<line number="7" hits="1"/>
						<line number="8" hits="1"/>
						<line number="9" hits="1"/>
						<line number="10" hits="1"/>
						<line number="11" hits="1"/>
						<line number="12" hits="1"/>
						<line number="13" hits="1"/>
						<line number="14" hits="1"/>
						<line number="15" hits="1"/>
						<line number="18" hits="1"/>
						<line number="19" hits="1"/>
						<line number="21" hits="1"/>
						<line number="22" hits="1"/>
						<line number="23" hits="0"/>
						<line number="26" hits="0"/>
						<line number="27" hits="0"/>
						<line number="28" hits="0"/>
						<line number="29" hits="0"/>
						<line number="30" hits="0"/>
						<line number="32" hits="0"/>
						<line number="33" hits="0"/>
						<line number="34" hits="0"/>
						<line number="35" hits="0"/>
						<line number="36" hits="0"/>
						<line number="43" hits="0"/>
						<line number="44" hits="0"/>
						<line number="45" hits="0"/>
						<line number="47" hits="0"/>
						<line number="49" hits="0"/>
						<line number="50" hits="0"/>
						<line number="52" hits="1"/>
						<line number="77" hits="1"/>
						<line number="86" hits="1"/>
						<line number="89" hits="1"/>
						<line number="91" hits="1"/>
						<line number="92" hits="1"/>
						<line number="93" hits="1"/>
						<line number="94" hits="1"/>
						<line number="96" hits="1"/>
						<line number="97" hits="1"/>
						<line number="98" hits="1"/>
						<line number="108" hits="1"/>
						<line number="109" hits="1"/>
						<line number="110" hits="0"/>
						<line number="111" hits="1"/>
						<line number="112" hits="1"/>
						<line number="113" hits="1"/>
						<line number="114" hits="1"/>
						<line number="117" hits="1"/>
						<line number="118" hits="1"/>
						<line number="119" hits="1"/>
						<line number="120" hits="1"/>
						<line number="122" hits="0"/>
						<line number="123" hits="0"/>
						<line number="124" hits="0"/>
						<line number="125" hits="0"/>
						<line number="126" hits="0"/>
						<line number="127" hits="0"/>
						<line number="129" hits="1"/>
						<line number="131" hits="1"/>
						<line number="132" hits="1"/>
						<line number="133" hits="1"/>
					</lines>
				</class>
			</classes>
		</package>
		<package name="api.routers" line-rate="0.5718" branch-rate="0" complexity="0">
			<classes>
				<class name="__init__.py" filename="api/routers/__init__.py" complexity="0" line-rate="1" branch-rate="0">
					<methods/>
					<lines/>
				</class>
				<class name="approvals.py" filename="api/routers/approvals.py" complexity="0" line-rate="0.5588" branch-rate="0">
					<methods/>
					<lines>
						<line number="1" hits="1"/>
						<line number="2" hits="1"/>
						<line number="3" hits="1"/>
						<line number="4" hits="1"/>
						<line number="5" hits="1"/>
						<line number="6" hits="1"/>
						<line number="7" hits="1"/>
						<line number="8" hits="1"/>
						<line number="9" hits="1"/>
						<line number="10" hits="1"/>
						<line number="11" hits="1"/>
						<line number="12" hits="1"/>
						<line number="13" hits="1"/>
						<line number="14" hits="1"/>
						<line number="15" hits="1"/>
						<line number="16" hits="1"/>
						<line number="18" hits="1"/>
						<line number="20" hits="1"/>
						<line number="21" hits="1"/>
						<line number="22" hits="1"/>
						<line number="23" hits="1"/>
						<line number="25" hits="1"/>
						<line number="26" hits="1"/>
						<line number="27" hits="1"/>
						<line number="28" hits="1"/>
						<line number="30" hits="1"/>
						<line number="31" hits="1"/>
						<line number="32" hits="0"/>
						<line number="33" hits="0"/>
						<line number="35" hits="1"/>
						<line number="36" hits="1"/>
						<line number="39" hits="1"/>
						<line number="48" hits="0"/>
						<line number="50" hits="1"/>
						<line number="51" hits="1"/>
						<line number="52" hits="1"/>
						<line number="53" hits="0"/>
						<line number="54" hits="0"/>
						<line number="55" hits="0"/>
						<line number="57" hits="0"/>
						<line number="58" hits="0"/>
						<line number="59" hits="0"/>
						<line number="60" hits="0"/>
						<line number="61" hits="0"/>
						<line number="62" hits="0"/>
						<line number="64" hits="0"/>
						<line number="66" hits="0"/>
						<line number="74" hits="0"/>
						<line number="75" hits="0"/>
						<line number="77" hits="1"/>
						<line number="78" hits="1"/>
						<line number="79" hits="0"/>
						<line number="94" hits="0"/>
						<line number="95" hits="0"/>
						<line number="96" hits="0"/>
						<line number="97" hits="0"/>
						<line number="99" hits="1"/>
						<line number="100" hits="1"/>
						<line number="101" hits="0"/>
						<line number="102" hits="0"/>
						<line number="103" hits="0"/>
						<line number="104" hits="0"/>
						<line number="106" hits="0"/>
						<line number="107" hits="0"/>
						<line number="108" hits="0"/>
						<line number="110" hits="1"/>
						<line number="111" hits="1"/>
						<line number="112" hits="1"/>
						<line number="113" hits="1"/>
						<line number="114" hits="1"/>
						<line number="115" hits="0"/>
						<line number="117" hits="1"/>
						<line number="118" hits="1"/>
						<line number="119" hits="1"/>
						<line number="121" hits="1"/>
						<line number="129" hits="1"/>
						<line number="130" hits="1"/>
						<line number="132" hits="1"/>
						<line number="134" hits="1"/>
						<line number="135" hits="1"/>
						<line number="138" hits="1"/>
						<line number="146" hits="1"/>
						<line number="147" hits="1"/>
						<line number="153" hits="1"/>
						<line number="154" hits="1"/>
						<line number="155" hits="0"/>
						<line number="156" hits="0"/>
						<line number="157" hits="0"/>
						<line number="158" hits="0"/>
						<line number="160" hits="0"/>
						<line number="161" hits="0"/>
						<line number="168" hits="0"/>
						<line number="170" hits="0"/>
						<line number="172" hits="0"/>
						<line number="180" hits="0"/>
						<line number="181" hits="0"/>
						<line number="183" hits="1"/>
						<line number="184" hits="1"/>
						<line number="186" hits="1"/>
						<line number="187" hits="1"/>
						<line number="188" hits="1"/>
						<line number="189" hits="0"/>
						<line number="192" hits="1"/>
						<line number="198" hits="1"/>
						<line number="200" hits="1"/>
						<line number="201" hits="0"/>
						<line number="204" hits="1"/>
						<line number="206" hits="1"/>
						<line number="214" hits="1"/>
						<line number="215" hits="1"/>
						<line number="216" hits="0"/>
						<line number="221" hits="0"/>
						<line number="223" hits="1"/>
						<line number="224" hits="1"/>
						<line number="225" hits="0"/>
						<line number="226" hits="0"/>
						<line number="227" hits="0"/>
						<line number="228" hits="0"/>
						<line number="230" hits="0"/>
						<line number="231" hits="0"/>
						<line number="232" hits="0"/>
						<line number="233" hits="0"/>
						<line number="235" hits="1"/>
						<line number="236" hits="1"/>
						<line number="237" hits="0"/>
						<line number="238" hits="0"/>
						<line number="239" hits="0"/>
						<line number="240" hits="0"/>
						<line number="242" hits="0"/>
						<line number="243" hits="0"/>
						<line number="244" hits="0"/>
						<line number="245" hits="0"/>
						<line number="247" hits="1"/>
						<line number="248" hits="1"/>
						<line number="250" hits="1"/>
						<line number="265" hits="1"/>
					</lines>
				</class>
				<class name="marketing.py" filename="api/routers/marketing.py" complexity="0" line-rate="0.4403" branch-rate="0">
					<methods/>
					<lines>
						<line number="1" hits="1"/>
						<line number="2" hits="1"/>
						<line number="3" hits="1"/>
						<line number="4" hits="1"/>
						<line number="5" hits="1"/>
						<line number="6" hits="1"/>
						<line number="7" hits="1"/>
						<line number="8" hits="1"/>
						<line number="9" hits="1"/>
						<line number="10" hits="1"/>
						<line number="11" hits="1"/>
						<line number="12" hits="1"/>
						<line number="13" hits="1"/>
						<line number="15" hits="1"/>
						<line number="17" hits="1"/>
						<line number="19" hits="1"/>
						<line number="20" hits="1"/>
						<line number="21" hits="1"/>
						<line number="22" hits="1"/>
						<line number="23" hits="1"/>
						<line number="24" hits="1"/>
						<line number="25" hits="1"/>
						<line number="26" hits="1"/>
						<line number="27" hits="1"/>
						<line number="28" hits="1"/>
						<line number="29" hits="1"/>
						<line number="30" hits="1"/>
						<line number="31" hits="1"/>
						<line number="32" hits="1"/>
						<line number="33" hits="1"/>
						<line number="34" hits="1"/>
						<line number="35" hits="1"/>
						<line number="36" hits="1"/>
						<line number="37" hits="1"/>
						<line number="38" hits="1"/>
						<line number="41" hits="1"/>
						<line number="42" hits="1"/>
						<line number="43" hits="1"/>
						<line number="44" hits="1"/>
						<line number="45" hits="1"/>
						<line number="46" hits="1"/>
						<line number="47" hits="1"/>
						<line number="50" hits="1"/>
						<line number="51" hits="1"/>
						<line number="52" hits="1"/>
						<line number="53" hits="1"/>
						<line number="54" hits="1"/>
						<line number="55" hits="1"/>
						<line number="57" hits="1"/>
						<line number="59" hits="1"/>
						<line number="60" hits="1"/>
						<line number="61" hits="1"/>
						<line number="62" hits="1"/>
						<line number="64" hits="1"/>
						<line number="65" hits="1"/>
						<line number="86" hits="0"/>
						<line number="89" hits="0"/>
						<line number="91" hits="0"/>
						<line number="92" hits="0"/>
						<line number="94" hits="0"/>
						<line number="95" hits="0"/>
						<line number="97" hits="0"/>
						<line number="98" hits="0"/>
						<line number="100" hits="0"/>
						<line number="101" hits="0"/>
						<line number="103" hits="0"/>
						<line number="105" hits="0"/>
						<line number="113" hits="0"/>
						<line number="114" hits="0"/>
						<line number="117" hits="0"/>
						<line number="118" hits="0"/>
						<line number="121" hits="0"/>
						<line number="122" hits="0"/>
						<line number="123" hits="0"/>
						<line number="125" hits="0"/>
						<line number="127" hits="0"/>
						<line number="135" hits="0"/>
						<line number="136" hits="0"/>
						<line number="138" hits="0"/>
						<line number="141" hits="0"/>
						<line number="142" hits="0"/>
						<line number="143" hits="0"/>
						<line number="146" hits="0"/>
						<line number="147" hits="0"/>
						<line number="148" hits="0"/>
						<line number="154" hits="0"/>
						<line number="192" hits="0"/>
						<line number="194" hits="0"/>
						<line number="201" hits="1"/>
						<line number="202" hits="1"/>
						<line number="208" hits="0"/>
						<line number="211" hits="0"/>
						<line number="213" hits="0"/>
						<line number="214" hits="0"/>
						<line number="217" hits="0"/>
						<line number="226" hits="0"/>
						<line number="227" hits="0"/>
						<line number="228" hits="0"/>
						<line number="231" hits="0"/>
						<line number="232" hits="0"/>
						<line number="233" hits="0"/>
						<line number="241" hits="0"/>
						<line number="283" hits="1"/>
						<line number="284" hits="1"/>
						<line number="295" hits="0"/>
						<line number="298" hits="0"/>
						<line number="300" hits="0"/>
						<line number="301" hits="0"/>
						<line number="303" hits="0"/>
						<line number="304" hits="0"/>
						<line number="306" hits="0"/>
						<line number="307" hits="0"/>
						<line number="309" hits="0"/>
						<line number="310" hits="0"/>
						<line number="312" hits="0"/>
						<line number="313" hits="0"/>
						<line number="321" hits="0"/>
						<line number="322" hits="0"/>
						<line number="325" hits="0"/>
						<line number="326" hits="0"/>
						<line number="329" hits="0"/>
						<line number="330" hits="0"/>
						<line number="333" hits="0"/>
						<line number="340" hits="0"/>
						<line number="343" hits="0"/>
						<line number="344" hits="0"/>
						<line number="352" hits="0"/>
						<line number="377" hits="0"/>
						<line number="380" hits="0"/>
						<line number="383" hits="0"/>
						<line number="384" hits="0"/>
						<line number="386" hits="0"/>
						<line number="387" hits="0"/>
						<line number="389" hits="0"/>
					</lines>
				</class>
				<class name="settings.py" filename="api/routers/settings.py" complexity="0" line-rate="0.9556" branch-rate="0">
					<methods/>
					<lines>
						<line number="1" hits="1"/>
						<line number="2" hits="1"/>
						<line number="3" hits="1"/>
						<line number="4" hits="1"/>
						<line number="5" hits="1"/>
						<line number="6" hits="1"/>
						<line number="7" hits="1"/>
						<line number="8" hits="1"/>
						<line number="9" hits="1"/>
						<line number="11" hits="1"/>
						<line number="14" hits="1"/>
						<line number="34" hits="1"/>
						<line number="35" hits="1"/>
						<line number="36" hits="1"/>
						<line number="37" hits="1"/>
						<line number="38" hits="1"/>
						<line number="41" hits="1"/>
						<line number="42" hits="1"/>
						<line number="43" hits="1"/>
						<line number="46" hits="1"/>
						<line number="47" hits="1"/>
						<line number="48" hits="1"/>
						<line number="49" hits="1"/>
						<line number="52" hits="1"/>
						<line number="54" hits="1"/>
						<line number="55" hits="0"/>
						<line number="56" hits="1"/>
						<line number="59" hits="1"/>
						<line number="60" hits="1"/>
						<line number="65" hits="1"/>
						<line number="67" hits="1"/>
						<line number="69" hits="1"/>
						<line number="70" hits="1"/>
						<line number="71" hits="1"/>
						<line number="73" hits="1"/>
						<line number="80" hits="1"/>
						<line number="83" hits="1"/>
						<line number="84" hits="1"/>
						<line number="96" hits="1"/>
						<line number="97" hits="1"/>
						<line number="100" hits="1"/>
						<line number="101" hits="1"/>
						<line number="104" hits="1"/>
						<line number="111" hits="1"/>
						<line number="113" hits="0"/>
					</lines>
				</class>
				<class name="system.py" filename="api/routers/system.py" complexity="0" line-rate="0.6" branch-rate="0">
					<methods/>
					<lines>
						<line number="1" hits="1"/>
						<line number="2" hits="1"/>
						<line number="3" hits="1"/>
						<line number="4" hits="1"/>
						<line number="5" hits="1"/>
						<line number="6" hits="1"/>
						<line number="7" hits="1"/>
						<line number="8" hits="1"/>
						<line number="9" hits="1"/>
						<line number="10" hits="1"/>
						<line number="11" hits="1"/>
						<line number="12" hits="1"/>
						<line number="13" hits="1"/>
						<line number="14" hits="1"/>
						<line number="16" hits="1"/>
						<line number="18" hits="1"/>
						<line number="19" hits="1"/>
						<line number="21" hits="1"/>
						<line number="22" hits="1"/>
						<line number="23" hits="1"/>
						<line number="25" hits="1"/>
						<line number="26" hits="1"/>
						<line number="27" hits="1"/>
						<line number="28" hits="1"/>
						<line number="37" hits="1"/>
						<line number="38" hits="1"/>
						<line number="39" hits="0"/>
						<line number="40" hits="0"/>
						<line number="42" hits="1"/>
						<line number="43" hits="1"/>
						<line number="44" hits="1"/>
						<line number="45" hits="0"/>
						<line number="47" hits="1"/>
						<line number="48" hits="1"/>
						<line number="49" hits="0"/>
						<line number="50" hits="0"/>
						<line number="52" hits="1"/>
						<line number="53" hits="1"/>
						<line number="54" hits="1"/>
						<line number="55" hits="1"/>
						<line number="56" hits="1"/>
						<line number="58" hits="1"/>
						<line number="59" hits="1"/>
						<line number="60" hits="1"/>
						<line number="61" hits="0"/>
						<line number="62" hits="0"/>
						<line number="64" hits="1"/>
						<line number="65" hits="1"/>
						<line number="66" hits="0"/>
						<line number="67" hits="0"/>
						<line number="68" hits="0"/>
						<line number="70" hits="0"/>
						<line number="75" hits="0"/>
						<line number="76" hits="0"/>
						<line number="77" hits="0"/>
						<line number="79" hits="0"/>
						<line number="82" hits="0"/>
						<line number="84" hits="0"/>
						<line number="86" hits="1"/>
						<line number="87" hits="1"/>
						<line number="88" hits="0"/>
						<line number="89" hits="0"/>
						<line number="93" hits="1"/>
						<line number="94" hits="1"/>
						<line number="96" hits="0"/>
						<line number="98" hits="0"/>
						<line number="99" hits="0"/>
						<line number="100" hits="0"/>
						<line number="102" hits="0"/>
						<line number="103" hits="0"/>
						<line number="105" hits="0"/>
						<line number="106" hits="0"/>
						<line number="108" hits="0"/>
						<line number="109" hits="0"/>
						<line number="111" hits="0"/>
					</lines>
				</class>
			</classes>
		</package>
		<package name="core" line-rate="0.6631" branch-rate="0" complexity="0">
			<classes>
				<class name="__init__.py" filename="core/__init__.py" complexity="0" line-rate="1" branch-rate="0">
					<methods/>
					<lines/>
				</class>
				<class name="embeddings.py" filename="core/embeddings.py" complexity="0" line-rate="0.9318" branch-rate="0">
					<methods/>
					<lines>
						<line number="5" hits="1"/>
						<line number="6" hits="1"/>
						<line number="7" hits="1"/>
						<line number="8" hits="1"/>
						<line number="11" hits="1"/>
						<line number="12" hits="1"/>
						<line number="15" hits="1"/>
						<line number="18" hits="1"/>
						<line number="21" hits="1"/>
						<line number="23" hits="1"/>
						<line number="24" hits="1"/>
						<line number="27" hits="0"/>
						<line number="28" hits="1"/>
						<line number="31" hits="1"/>
						<line number="44" hits="1"/>
						<line number="45" hits="1"/>
						<line number="47" hits="1"/>
						<line number="48" hits="1"/>
						<line number="49" hits="1"/>
						<line number="52" hits="1"/>
						<line number="65" hits="1"/>
						<line number="66" hits="1"/>
						<line number="69" hits="1"/>
						<line number="70" hits="1"/>
						<line number="71" hits="1"/>
						<line number="72" hits="1"/>
						<line number="73" hits="1"/>
						<line number="74" hits="1"/>
						<line number="76" hits="1"/>
						<line number="77" hits="1"/>
						<line number="79" hits="1"/>
						<line number="80" hits="1"/>
						<line number="83" hits="1"/>
						<line number="84" hits="1"/>
						<line number="85" hits="1"/>
						<line number="87" hits="1"/>
						<line number="90" hits="1"/>
						<line number="92" hits="1"/>
						<line number="95" hits="1"/>
						<line number="97" hits="1"/>
						<line number="98" hits="1"/>
						<line number="99" hits="1"/>
						<line number="100" hits="0"/>
						<line number="101" hits="0"/>
					</lines>
				</class>
				<class name="news_fetcher.py" filename="core/news_fetcher.py" complexity="0" line-rate="0.2295" branch-rate="0">
					<methods/>
					<lines>
						<line number="6" hits="1"/>
						<line number="7" hits="1"/>
						<line number="8" hits="1"/>
						<line number="9" hits="1"/>
						<line number="10" hits="1"/>
						<line number="12" hits="1"/>
						<line number="15" hits="1"/>
						<line number="18" hits="1"/>
						<line number="19" hits="1"/>
						<line number="20" hits="1"/>
						<line number="22" hits="1"/>
						<line number="33" hits="0"/>
						<line number="34" hits="0"/>
						<line number="35" hits="0"/>
						<line number="37" hits="0"/>
						<line number="38" hits="0"/>
						<line number="46" hits="0"/>
						<line number="47" hits="0"/>
						<line number="48" hits="0"/>
						<line number="49" hits="0"/>
						<line number="50" hits="0"/>
						<line number="51" hits="0"/>
						<line number="53" hits="0"/>
						<line number="54" hits="0"/>
						<line number="56" hits="0"/>
						<line number="57" hits="0"/>
						<line number="66" hits="0"/>
						<line number="67" hits="0"/>
						<line number="69" hits="0"/>
						<line number="70" hits="0"/>
						<line number="71" hits="0"/>
						<line number="73" hits="1"/>
						<line number="84" hits="0"/>
						<line number="85" hits="0"/>
						<line number="86" hits="0"/>
						<line number="88" hits="0"/>
						<line number="89" hits="0"/>
						<line number="95" hits="0"/>
						<line number="96" hits="0"/>
						<line number="97" hits="0"/>
						<line number="98" hits="0"/>
						<line number="99" hits="0"/>
						<line number="100" hits="0"/>
						<line number="102" hits="0"/>
						<line number="103" hits="0"/>
						<line number="105" hits="0"/>
						<line number="106" hits="0"/>
						<line number="115" hits="0"/>
						<line number="116" hits="0"/>
						<line number="118" hits="0"/>
						<line number="119" hits="0"/>
						<line number="120" hits="0"/>
						<line number="122" hits="1"/>
						<line number="133" hits="0"/>
						<line number="136" hits="0"/>
						<line number="137" hits="0"/>
						<line number="140" hits="0"/>
						<line number="141" hits="0"/>
						<line number="142" hits="0"/>
						<line number="144" hits="0"/>
						<line number="148" hits="1"/>
					</lines>
				</class>
				<class name="observability.py" filename="core/observability.py" complexity="0" line-rate="0.8261" branch-rate="0">
					<methods/>
					<lines>
						<line number="5" hits="1"/>
						<line number="6" hits="1"/>
						<line number="7" hits="1"/>
						<line number="8" hits="1"/>
						<line number="9" hits="1"/>
						<line number="10" hits="1"/>
						<line number="11" hits="1"/>
						<line number="12" hits="1"/>
						<line number="15" hits="1"/>
						<line number="18" hits="1"/>
						<line number="21" hits="1"/>
						<line number="22" hits="1"/>
						<line number="33" hits="1"/>
						<line number="34" hits="1"/>
						<line number="35" hits="1"/>
						<line number="38" hits="1"/>
						<line number="39" hits="1"/>
						<line number="42" hits="1"/>
						<line number="43" hits="1"/>
						<line number="45" hits="1"/>
						<line number="48" hits="1"/>
						<line number="50" hits="1"/>
						<line number="53" hits="1"/>
						<line number="54" hits="1"/>
						<line number="57" hits="1"/>
						<line number="58" hits="1"/>
						<line number="59" hits="1"/>
						<line number="61" hits="1"/>
						<line number="62" hits="1"/>
						<line number="65" hits="1"/>
						<line number="68" hits="1"/>
						<line number="70" hits="1"/>
						<line number="73" hits="1"/>
						<line number="76" hits="1"/>
						<line number="78" hits="1"/>
						<line number="79" hits="1"/>
						<line number="82" hits="1"/>
						<line number="85" hits="1"/>
						<line number="88" hits="1"/>
						<line number="89" hits="1"/>
						<line number="102" hits="1"/>
						<line number="105" hits="1"/>
						<line number="108" hits="1"/>
						<line number="114" hits="1"/>
						<line number="115" hits="1"/>
						<line number="116" hits="1"/>
						<line number="117" hits="1"/>
						<line number="118" hits="1"/>
						<line number="119" hits="1"/>
						<line number="122" hits="1"/>
						<line number="127" hits="1"/>
						<line number="130" hits="1"/>
						<line number="132" hits="1"/>
						<line number="133" hits="0"/>
						<line number="134" hits="0"/>
						<line number="135" hits="0"/>
						<line number="136" hits="0"/>
						<line number="137" hits="0"/>
						<line number="138" hits="0"/>
						<line number="139" hits="0"/>
						<line number="140" hits="0"/>
						<line number="143" hits="1"/>
						<line number="144" hits="1"/>
						<line number="147" hits="1"/>
						<line number="150" hits="1"/>
						<line number="152" hits="0"/>
						<line number="153" hits="0"/>
						<line number="154" hits="0"/>
						<line number="155" hits="0"/>
					</lines>
				</class>
				<class name="sanitizer.py" filename="core/sanitizer.py" complexity="0" line-rate="0.9231" branch-rate="0">
					<methods/>
					<lines>
						<line number="1" hits="1"/>
						<line number="2" hits="1"/>
						<line number="4" hits="1"/>
						<line number="9" hits="1"/>
						<line number="10" hits="0"/>
						<line number="13" hits="1"/>
						<line number="16" hits="1"/>
						<line number="17" hits="1"/>
						<line number="21" hits="1"/>
						<line number="24" hits="1"/>
						<line number="30" hits="1"/>
						<line number="31" hits="1"/>
						<line number="33" hits="1"/>
					</lines>
				</class>
			</classes>
		</package>
		<package name="core.audit" line-rate="0.6914" branch-rate="0" complexity="0">
			<classes>
				<class name="service.py" filename="core/audit/service.py" complexity="0" line-rate="0.6914" branch-rate="0">
					<methods/>
					<lines>
						<line number="1" hits="1"/>
						<line number="2" hits="1"/>
						<line number="3" hits="1"/>
						<line number="4" hits="1"/>
						<line number="5" hits="1"/>
						<line number="6" hits="1"/>
						<line number="7" hits="1"/>
						<line number="8" hits="1"/>
						<line number="9" hits="1"/>
						<line number="10" hits="1"/>
						<line number="12" hits="1"/>
						<line number="15" hits="1"/>
						<line number="20" hits="1"/>
						<line number="21" hits="1"/>
						<line number="22" hits="1"/>
						<line number="25" hits="1"/>
						<line number="45" hits="1"/>
						<line number="48" hits="1"/>
						<line number="58" hits="1"/>
						<line number="61" hits="1"/>
						<line number="82" hits="1"/>
						<line number="83" hits="1"/>
						<line number="84" hits="1"/>
						<line number="89" hits="1"/>
						<line number="90" hits="1"/>
						<line number="91" hits="1"/>
						<line number="92" hits="1"/>
						<line number="95" hits="1"/>
						<line number="99" hits="1"/>
						<line number="102" hits="1"/>
						<line number="105" hits="1"/>
						<line number="116" hits="1"/>
						<line number="128" hits="1"/>
						<line number="129" hits="1"/>
						<line number="131" hits="1"/>
						<line number="132" hits="1"/>
						<line number="135" hits="1"/>
						<line number="144" hits="1"/>
						<line number="145" hits="1"/>
						<line number="146" hits="1"/>
						<line number="151" hits="1"/>
						<line number="152" hits="1"/>
						<line number="153" hits="0"/>
						<line number="154" hits="0"/>
						<line number="156" hits="0"/>
						<line number="160" hits="1"/>
						<line number="163" hits="1"/>
						<line number="166" hits="1"/>
						<line number="177" hits="1"/>
						<line number="189" hits="1"/>
						<line number="190" hits="1"/>
						<line number="192" hits="1"/>
						<line number="193" hits="1"/>
						<line number="196" hits="1"/>
						<line number="213" hits="1"/>
						<line number="215" hits="1"/>
						<line number="219" hits="1"/>
						<line number="221" hits="1"/>
						<line number="222" hits="1"/>
						<line number="229" hits="0"/>
						<line number="230" hits="0"/>
						<line number="231" hits="0"/>
						<line number="233" hits="0"/>
						<line number="235" hits="0"/>
						<line number="236" hits="0"/>
						<line number="237" hits="0"/>
						<line number="238" hits="0"/>
						<line number="239" hits="0"/>
						<line number="241" hits="0"/>
						<line number="242" hits="0"/>
						<line number="245" hits="0"/>
						<line number="255" hits="0"/>
						<line number="256" hits="0"/>
						<line number="257" hits="0"/>
						<line number="258" hits="0"/>
						<line number="259" hits="0"/>
						<line number="262" hits="0"/>
						<line number="264" hits="0"/>
						<line number="271" hits="0"/>
						<line number="272" hits="0"/>
						<line number="273" hits="0"/>
					</lines>
				</class>
			</classes>
		</package>
		<package name="core.credential" line-rate="0.3654" branch-rate="0" complexity="0">
			<classes>
				<class name="__init__.py" filename="core/credential/__init__.py" complexity="0" line-rate="1" branch-rate="0">
					<methods/>
					<lines>
						<line number="5" hits="1"/>
						<line number="7" hits="1"/>
					</lines>
				</class>
				<class name="service.py" filename="core/credential/service.py" complexity="0" line-rate="0.34" branch-rate="0">
					<methods/>
					<lines>
						<line number="6" hits="1"/>
						<line number="7" hits="1"/>
						<line number="8" hits="1"/>
						<line number="10" hits="1"/>
						<line number="13" hits="1"/>
						<line number="16" hits="1"/>
						<line number="17" hits="1"/>
						<line number="28" hits="0"/>
						<line number="31" hits="0"/>
						<line number="32" hits="0"/>
						<line number="33" hits="0"/>
						<line number="34" hits="0"/>
						<line number="35" hits="0"/>
						<line number="37" hits="0"/>
						<line number="38" hits="0"/>
						<line number="39" hits="0"/>
						<line number="47" hits="0"/>
						<line number="48" hits="0"/>
						<line number="55" hits="1"/>
						<line number="56" hits="1"/>
						<line number="67" hits="0"/>
						<line number="70" hits="0"/>
						<line number="71" hits="0"/>
						<line number="72" hits="0"/>
						<line number="74" hits="0"/>
						<line number="75" hits="0"/>
						<line number="76" hits="0"/>
						<line number="82" hits="0"/>
						<line number="83" hits="0"/>
						<line number="88" hits="1"/>
						<line number="89" hits="1"/>
						<line number="100" hits="0"/>
						<line number="103" hits="0"/>
						<line number="104" hits="0"/>
						<line number="105" hits="0"/>
						<line number="106" hits="0"/>
						<line number="108" hits="0"/>
						<line number="109" hits="0"/>
						<line number="110" hits="0"/>
						<line number="117" hits="0"/>
						<line number="118" hits="0"/>
						<line number="124" hits="1"/>
						<line number="125" hits="1"/>
						<line number="135" hits="0"/>
						<line number="137" hits="1"/>
						<line number="138" hits="1"/>
						<line number="148" hits="0"/>
						<line number="150" hits="1"/>
						<line number="151" hits="1"/>
						<line number="161" hits="0"/>
					</lines>
				</class>
			</classes>
		</package>
		<package name="core.models" line-rate="0.6786" branch-rate="0" complexity="0">
			<classes>
				<class name="__init__.py" filename="core/models/__init__.py" complexity="0" line-rate="1" branch-rate="0">
					<methods/>
					<lines/>
				</class>
				<class name="factory.py" filename="core/models/factory.py" complexity="0" line-rate="0.6" branch-rate="0">
					<methods/>
					<lines>
						<line number="1" hits="1"/>
						<line number="2" hits="1"/>
						<line number="3" hits="1"/>
						<line number="4" hits="1"/>
						<line number="5" hits="1"/>
						<line number="7" hits="1"/>
						<line number="9" hits="1"/>
						<line number="10" hits="1"/>
						<line number="11" hits="1"/>
						<line number="12" hits="1"/>
						<line number="13" hits="1"/>
						<line number="15" hits="1"/>
						<line number="18" hits="1"/>
						<line number="20" hits="1"/>
						<line number="21" hits="1"/>
						<line number="24" hits="0"/>
						<line number="25" hits="0"/>
						<line number="26" hits="0"/>
						<line number="27" hits="1"/>
						<line number="29" hits="1"/>
						<line number="30" hits="1"/>
						<line number="33" hits="0"/>
						<line number="34" hits="0"/>
						<line number="35" hits="0"/>
						<line number="36" hits="1"/>
						<line number="38" hits="1"/>
						<line number="43" hits="0"/>
						<line number="44" hits="0"/>
						<line number="45" hits="0"/>
						<line number="46" hits="0"/>
						<line number="48" hits="1"/>
						<line number="53" hits="0"/>
						<line number="54" hits="0"/>
						<line number="55" hits="0"/>
						<line number="56" hits="0"/>
					</lines>
				</class>
				<class name="llm.py" filename="core/models/llm.py" complexity="0" line-rate="0.7347" branch-rate="0">
					<methods/>
					<lines>
						<line number="1" hits="1"/>
						<line number="2" hits="1"/>
						<line number="3" hits="1"/>
						<line number="4" hits="1"/>
						<line number="5" hits="1"/>
						<line number="6" hits="1"/>
						<line number="7" hits="1"/>
						<line number="8" hits="1"/>
						<line number="10" hits="1"/>
						<line number="13" hits="1"/>
						<line number="15" hits="1"/>
						<line number="29" hits="1"/>
						<line number="32" hits="1"/>
						<line number="33" hits="1"/>
						<line number="34" hits="0"/>
						<line number="35" hits="0"/>
						<line number="36" hits="0"/>
						<line number="37" hits="0"/>
						<line number="38" hits="0"/>
						<line number="45" hits="0"/>
						<line number="46" hits="0"/>
						<line number="49" hits="1"/>
						<line number="50" hits="1"/>
						<line number="51" hits="1"/>
						<line number="52" hits="1"/>
						<line number="53" hits="0"/>
						<line number="54" hits="0"/>
						<line number="61" hits="0"/>
						<line number="62" hits="1"/>
						<line number="63" hits="1"/>
						<line number="65" hits="1"/>
						<line number="67" hits="1"/>
						<line number="68" hits="1"/>
						<line number="79" hits="1"/>
						<line number="81" hits="1"/>
						<line number="82" hits="1"/>
						<line number="84" hits="1"/>
						<line number="85" hits="1"/>
						<line number="86" hits="1"/>
						<line number="87" hits="1"/>
						<line number="88" hits="0"/>
						<line number="89" hits="0"/>
						<line number="96" hits="0"/>
						<line number="97" hits="1"/>
						<line number="99" hits="1"/>
						<line number="101" hits="1"/>
						<line number="103" hits="1"/>
						<line number="104" hits="1"/>
						<line number="114" hits="1"/>
					</lines>
				</class>
			</classes>
		</package>
		<package name="core.orchestrator" line-rate="1" branch-rate="0" complexity="0">
			<classes>
				<class name="engine.py" filename="core/orchestrator/engine.py" complexity="0" line-rate="1" branch-rate="0">
					<methods/>
					<lines>
						<line number="1" hits="1"/>
						<line number="2" hits="1"/>
						<line number="3" hits="1"/>
						<line number="4" hits="1"/>
						<line number="5" hits="1"/>
						<line number="7" hits="1"/>
						<line number="9" hits="1"/>
						<line number="10" hits="1"/>
						<line number="11" hits="1"/>
						<line number="13" hits="1"/>
						<line number="19" hits="1"/>
						<line number="21" hits="1"/>
						<line number="26" hits="1"/>
						<line number="27" hits="1"/>
						<line number="29" hits="1"/>
						<line number="31" hits="1"/>
						<line number="32" hits="1"/>
						<line number="33" hits="1"/>
						<line number="38" hits="1"/>
						<line number="39" hits="1"/>
						<line number="42" hits="1"/>
						<line number="45" hits="1"/>
						<line number="46" hits="1"/>
						<line number="55" hits="1"/>
						<line number="58" hits="1"/>
						<line number="59" hits="1"/>
						<line number="60" hits="1"/>
						<line number="62" hits="1"/>
					</lines>
				</class>
			</classes>
		</package>
		<package name="core.policy" line-rate="0.9091" branch-rate="0" complexity="0">
			<classes>
				<class name="engine.py" filename="core/policy/engine.py" complexity="0" line-rate="0.9091" branch-rate="0">
					<methods/>
					<lines>
						<line number="1" hits="1"/>
						<line number="2" hits="1"/>
						<line number="3" hits="1"/>
						<line number="4" hits="1"/>
						<line number="5" hits="1"/>
						<line number="6" hits="1"/>
						<line number="8" hits="1"/>
						<line number="10" hits="1"/>
						<line number="14" hits="1"/>
						<line number="21" hits="1"/>
						<line number="22" hits="1"/>
						<line number="24" hits="1"/>
						<line number="30" hits="1"/>
						<line number="34" hits="1"/>
						<line number="36" hits="1"/>
						<line number="38" hits="1"/>
						<line number="39" hits="0"/>
						<line number="40" hits="0"/>
						<line number="42" hits="1"/>
						<line number="43" hits="1"/>
						<line number="44" hits="1"/>
						<line number="46" hits="1"/>
						<line number="47" hits="1"/>
						<line number="48" hits="1"/>
						<line number="50" hits="1"/>
						<line number="52" hits="1"/>
						<line number="53" hits="1"/>
						<line number="54" hits="0"/>
						<line number="56" hits="1"/>
						<line number="57" hits="1"/>
						<line number="58" hits="1"/>
						<line number="60" hits="1"/>
						<line number="61" hits="1"/>
					</lines>
				</class>
			</classes>
		</package>
		<package name="integrations.mcp" line-rate="0.8043" branch-rate="0" complexity="0">
			<classes>
				<class name="client.py" filename="integrations/mcp/client.py" complexity="0" line-rate="0.8043" branch-rate="0">
					<methods/>
					<lines>
						<line number="1" hits="1"/>
						<line number="2" hits="1"/>
						<line number="3" hits="1"/>
						<line number="5" hits="1"/>
						<line number="7" hits="1"/>
						<line number="8" hits="1"/>
						<line number="10" hits="1"/>
						<line number="11" hits="1"/>
						<line number="12" hits="1"/>
						<line number="13" hits="1"/>
						<line number="14" hits="1"/>
						<line number="15" hits="1"/>
						<line number="16" hits="1"/>
						<line number="18" hits="1"/>
						<line number="21" hits="1"/>
						<line number="26" hits="1"/>
						<line number="27" hits="1"/>
						<line number="28" hits="1"/>
						<line number="29" hits="1"/>
						<line number="31" hits="1"/>
						<line number="39" hits="1"/>
						<line number="40" hits="1"/>
						<line number="42" hits="1"/>
						<line number="44" hits="0"/>
						<line number="46" hits="1"/>
						<line number="48" hits="0"/>
						<line number="50" hits="1"/>
						<line number="52" hits="0"/>
						<line number="54" hits="1"/>
						<line number="56" hits="0"/>
						<line number="58" hits="1"/>
						<line number="66" hits="0"/>
						<line number="72" hits="1"/>
						<line number="74" hits="0"/>
						<line number="76" hits="1"/>
						<line number="78" hits="0"/>
						<line number="80" hits="1"/>
						<line number="82" hits="0"/>
						<line number="84" hits="1"/>
						<line number="86" hits="0"/>
						<line number="88" hits="1"/>
						<line number="90" hits="1"/>
						<line number="92" hits="1"/>
						<line number="93" hits="1"/>
						<line number="95" hits="1"/>
						<line number="96" hits="1"/>
					</lines>
				</class>
			</classes>
		</package>
		<package name="integrations.moltbook" line-rate="0.679" branch-rate="0" complexity="0">
			<classes>
				<class name="__init__.py" filename="integrations/moltbook/__init__.py" complexity="0" line-rate="1" branch-rate="0">
					<methods/>
					<lines/>
				</class>
				<class name="client.py" filename="integrations/moltbook/client.py" complexity="0" line-rate="0.679" branch-rate="0">
					<methods/>
					<lines>
						<line number="1" hits="1"/>
						<line number="2" hits="1"/>
						<line number="3" hits="1"/>
						<line number="4" hits="1"/>
						<line number="5" hits="1"/>
						<line number="6" hits="1"/>
						<line number="7" hits="1"/>
						<line number="9" hits="1"/>
						<line number="11" hits="1"/>
						<line number="13" hits="1"/>
						<line number="14" hits="0"/>
						<line number="15" hits="1"/>
						<line number="17" hits="0"/>
						<line number="18" hits="1"/>
						<line number="20" hits="1"/>
						<line number="21" hits="1"/>
						<line number="28" hits="1"/>
						<line number="29" hits="1"/>
						<line number="30" hits="1"/>
						<line number="31" hits="1"/>
						<line number="33" hits="1"/>
						<line number="34" hits="1"/>
						<line number="35" hits="1"/>
						<line number="37" hits="1"/>
						<line number="38" hits="1"/>
						<line number="39" hits="1"/>
						<line number="41" hits="1"/>
						<line number="42" hits="1"/>
						<line number="43" hits="0"/>
						<line number="45" hits="1"/>
						<line number="46" hits="1"/>
						<line number="47" hits="1"/>
						<line number="50" hits="1"/>
						<line number="51" hits="1"/>
						<line number="53" hits="0"/>
						<line number="57" hits="0"/>
						<line number="58" hits="0"/>
						<line number="59" hits="0"/>
						<line number="60" hits="0"/>
						<line number="61" hits="0"/>
						<line number="62" hits="0"/>
						<line number="64" hits="1"/>
						<line number="65" hits="1"/>
						<line number="67" hits="0"/>
						<line number="72" hits="0"/>
						<line number="73" hits="0"/>
						<line number="74" hits="0"/>
						<line number="75" hits="0"/>
						<line number="76" hits="0"/>
						<line number="77" hits="0"/>
						<line number="78" hits="0"/>
						<line number="79" hits="0"/>
						<line number="80" hits="0"/>
						<line number="82" hits="1"/>
						<line number="83" hits="1"/>
						<line number="94" hits="1"/>
						<line number="95" hits="1"/>
						<line number="96" hits="1"/>
						<line number="97" hits="0"/>
						<line number="98" hits="1"/>
						<line number="99" hits="0"/>
						<line number="101" hits="1"/>
						<line number="102" hits="1"/>
						<line number="111" hits="1"/>
						<line number="112" hits="1"/>
						<line number="114" hits="1"/>
						<line number="115" hits="0"/>
						<line number="116" hits="1"/>
						<line number="117" hits="1"/>
						<line number="118" hits="0"/>
						<line number="119" hits="1"/>
						<line number="120" hits="1"/>
						<line number="121" hits="0"/>
						<line number="122" hits="0"/>
						<line number="123" hits="0"/>
						<line number="124" hits="0"/>
						<line number="125" hits="0"/>
						<line number="127" hits="0"/>
						<line number="129" hits="1"/>
						<line number="130" hits="0"/>
						<line number="132" hits="1"/>
						<line number="133" hits="1"/>
						<line number="134" hits="1"/>
						<line number="135" hits="0"/>
						<line number="137" hits="1"/>
						<line number="138" hits="1"/>
						<line number="139" hits="1"/>
						<line number="140" hits="1"/>
						<line number="141" hits="1"/>
						<line number="142" hits="1"/>
						<line number="144" hits="1"/>
						<line number="145" hits="0"/>
						<line number="146" hits="1"/>
						<line number="147" hits="0"/>
						<line number="148" hits="1"/>
						<line number="149" hits="1"/>
						<line number="151" hits="1"/>
						<line number="159" hits="1"/>
						<line number="161" hits="1"/>
						<line number="162" hits="1"/>
						<line number="164" hits="1"/>
						<line number="169" hits="1"/>
						<line number="170" hits="1"/>
						<line number="171" hits="0"/>
						<line number="172" hits="0"/>
						<line number="173" hits="0"/>
						<line number="174" hits="1"/>
						<line number="176" hits="1"/>
						<line number="177" hits="1"/>
						<line number="187" hits="1"/>
						<line number="188" hits="0"/>
						<line number="189" hits="0"/>
						<line number="197" hits="1"/>
						<line number="198" hits="0"/>
						<line number="199" hits="0"/>
						<line number="206" hits="1"/>
						<line number="214" hits="1"/>
						<line number="216" hits="1"/>
						<line number="217" hits="1"/>
						<line number="223" hits="1"/>
						<line number="224" hits="1"/>
						<line number="227" hits="1"/>
						<line number="228" hits="1"/>
						<line number="229" hits="1"/>
						<line number="230" hits="1"/>
						<line number="231" hits="1"/>
						<line number="233" hits="1"/>
[...]
					<methods/>
					<lines>
						<line number="1" hits="1"/>
						<line number="2" hits="1"/>
						<line number="3" hits="1"/>
						<line number="4" hits="1"/>
						<line number="5" hits="1"/>
						<line number="6" hits="1"/>
						<line number="7" hits="1"/>
						<line number="8" hits="1"/>
						<line number="9" hits="1"/>
						<line number="11" hits="1"/>
					</lines>
				</class>
				<class name="agent.py" filename="models/agent.py" complexity="0" line-rate="1" branch-rate="0">
					<methods/>
					<lines>
						<line number="1" hits="1"/>
						<line number="2" hits="1"/>
						<line number="3" hits="1"/>
						<line number="4" hits="1"/>
						<line number="6" hits="1"/>
						<line number="7" hits="1"/>
						<line number="9" hits="1"/>
						<line number="10" hits="1"/>
						<line number="11" hits="1"/>
						<line number="12" hits="1"/>
						<line number="13" hits="1"/>
						<line number="14" hits="1"/>
						<line number="15" hits="1"/>
						<line number="16" hits="1"/>
						<line number="17" hits="1"/>
						<line number="18" hits="1"/>
						<line number="19" hits="1"/>
						<line number="20" hits="1"/>
					</lines>
				</class>
				<class name="approval.py" filename="models/approval.py" complexity="0" line-rate="1" branch-rate="0">
					<methods/>
					<lines>
						<line number="1" hits="1"/>
						<line number="2" hits="1"/>
						<line number="3" hits="1"/>
						<line number="4" hits="1"/>
						<line number="6" hits="1"/>
						<line number="7" hits="1"/>
						<line number="9" hits="1"/>
						<line number="10" hits="1"/>
						<line number="11" hits="1"/>
						<line number="12" hits="1"/>
						<line number="13" hits="1"/>
						<line number="14" hits="1"/>
						<line number="15" hits="1"/>
						<line number="16" hits="1"/>
					</lines>
				</class>
				<class name="audit_event.py" filename="models/audit_event.py" complexity="0" line-rate="1" branch-rate="0">
					<methods/>
					<lines>
						<line number="1" hits="1"/>
						<line number="2" hits="1"/>
						<line number="3" hits="1"/>
						<line number="4" hits="1"/>
						<line number="6" hits="1"/>
						<line number="9" hits="1"/>
						<line number="10" hits="1"/>
						<line number="12" hits="1"/>
						<line number="13" hits="1"/>
						<line number="14" hits="1"/>
						<line number="15" hits="1"/>
						<line number="16" hits="1"/>
						<line number="17" hits="1"/>
						<line number="21" hits="1"/>
						<line number="23" hits="1"/>
					</lines>
				</class>
				<class name="base.py" filename="models/base.py" complexity="0" line-rate="0.675" branch-rate="0">
					<methods/>
					<lines>
						<line number="1" hits="1"/>
						<line number="2" hits="1"/>
						<line number="3" hits="1"/>
						<line number="4" hits="1"/>
						<line number="5" hits="1"/>
						<line number="7" hits="1"/>
						<line number="10" hits="1"/>
						<line number="11" hits="1"/>
						<line number="12" hits="0"/>
						<line number="15" hits="1"/>
						<line number="23" hits="1"/>
						<line number="31" hits="1"/>
						<line number="32" hits="1"/>
						<line number="33" hits="0"/>
						<line number="36" hits="1"/>
						<line number="44" hits="1"/>
						<line number="50" hits="1"/>
						<line number="52" hits="1"/>
						<line number="53" hits="1"/>
						<line number="54" hits="1"/>
						<line number="55" hits="1"/>
						<line number="56" hits="1"/>
						<line number="57" hits="1"/>
						<line number="58" hits="1"/>
						<line number="60" hits="1"/>
						<line number="62" hits="1"/>
						<line number="63" hits="1"/>
						<line number="65" hits="0"/>
						<line number="66" hits="0"/>
						<line number="67" hits="0"/>
						<line number="68" hits="0"/>
						<line number="69" hits="0"/>
						<line number="70" hits="0"/>
						<line number="71" hits="0"/>
						<line number="73" hits="0"/>
						<line number="75" hits="1"/>
						<line number="77" hits="0"/>
						<line number="79" hits="1"/>
						<line number="81" hits="0"/>
						<line number="82" hits="0"/>
					</lines>
				</class>
				<class name="campaign.py" filename="models/campaign.py" complexity="0" line-rate="1" branch-rate="0">
					<methods/>
					<lines>
						<line number="1" hits="1"/>
						<line number="2" hits="1"/>
						<line number="3" hits="1"/>
						<line number="5" hits="1"/>
						<line number="8" hits="1"/>
						<line number="9" hits="1"/>
						<line number="11" hits="1"/>
						<line number="13" hits="1"/>
						<line number="14" hits="1"/>
						<line number="15" hits="1"/>
						<line number="16" hits="1"/>
						<line number="17" hits="1"/>
					</lines>
				</class>
				<class name="content_item.py" filename="models/content_item.py" complexity="0" line-rate="0.9792" branch-rate="0">
					<methods/>
					<lines>
						<line number="1" hits="1"/>
						<line number="2" hits="1"/>
						<line number="3" hits="1"/>
						<line number="4" hits="1"/>
						<line number="6" hits="1"/>
						<line number="7" hits="1"/>
						<line number="9" hits="1"/>
						<line number="10" hits="1"/>
						<line number="11" hits="1"/>
						<line number="12" hits="1"/>
						<line number="13" hits="1"/>
						<line number="14" hits="1"/>
						<line number="17" hits="1"/>
						<line number="18" hits="1"/>
						<line number="21" hits="1"/>
						<line number="22" hits="1"/>
						<line number="25" hits="1"/>
						<line number="26" hits="1"/>
						<line number="27" hits="1"/>
						<line number="28" hits="1"/>
						<line number="29" hits="1"/>
						<line number="31" hits="1"/>
						<line number="32" hits="1"/>
						<line number="33" hits="1"/>
						<line number="36" hits="1"/>
						<line number="37" hits="1"/>
						<line number="38" hits="1"/>
						<line number="39" hits="1"/>
						<line number="40" hits="1"/>
						<line number="41" hits="1"/>
						<line number="42" hits="1"/>
						<line number="45" hits="1"/>
						<line number="46" hits="1"/>
						<line number="47" hits="1"/>
						<line number="48" hits="1"/>
						<line number="49" hits="1"/>
						<line number="50" hits="1"/>
						<line number="51" hits="1"/>
						<line number="54" hits="1"/>
						<line number="55" hits="1"/>
						<line number="56" hits="1"/>
						<line number="57" hits="1"/>
						<line number="58" hits="1"/>
						<line number="59" hits="1"/>
						<line number="61" hits="1"/>
						<line number="62" hits="1"/>
						<line number="64" hits="1"/>
						<line number="65" hits="0"/>
					</lines>
				</class>
				<class name="engagement_proposal.py" filename="models/engagement_proposal.py" complexity="0" line-rate="0.9375" branch-rate="0">
					<methods/>
					<lines>
						<line number="1" hits="1"/>
						<line number="2" hits="1"/>
						<line number="3" hits="1"/>
						<line number="4" hits="1"/>
						<line number="6" hits="1"/>
						<line number="7" hits="1"/>
						<line number="9" hits="1"/>
						<line number="10" hits="1"/>
						<line number="11" hits="1"/>
						<line number="12" hits="1"/>
						<line number="13" hits="1"/>
						<line number="14" hits="1"/>
						<line number="16" hits="1"/>
						<line number="17" hits="1"/>
						<line number="19" hits="1"/>
						<line number="20" hits="0"/>
					</lines>
				</class>
				<class name="source.py" filename="models/source.py" complexity="0" line-rate="0.9545" branch-rate="0">
					<methods/>
					<lines>
						<line number="1" hits="1"/>
						<line number="2" hits="1"/>
						<line number="3" hits="1"/>
						<line number="5" hits="1"/>
						<line number="6" hits="1"/>
						<line number="8" hits="1"/>
						<line number="9" hits="1"/>
						<line number="10" hits="1"/>
						<line number="12" hits="1"/>
						<line number="13" hits="1"/>
						<line number="14" hits="1"/>
						<line number="15" hits="1"/>
						<line number="16" hits="1"/>
						<line number="18" hits="1"/>
						<line number="19" hits="1"/>
						<line number="20" hits="1"/>
						<line number="21" hits="1"/>
						<line number="23" hits="1"/>
						<line number="29" hits="1"/>
						<line number="30" hits="1"/>
						<line number="32" hits="1"/>
						<line number="33" hits="0"/>
					</lines>
				</class>
				<class name="task.py" filename="models/task.py" complexity="0" line-rate="1" branch-rate="0">
					<methods/>
					<lines>
						<line number="1" hits="1"/>
						<line number="2" hits="1"/>
						<line number="3" hits="1"/>
						<line number="5" hits="1"/>
						<line number="8" hits="1"/>
						<line number="9" hits="1"/>
						<line number="11" hits="1"/>
						<line number="13" hits="1"/>
						<line number="14" hits="1"/>
						<line number="15" hits="1"/>
						<line number="16" hits="1"/>
						<line number="17" hits="1"/>
						<line number="18" hits="1"/>
						<line number="19" hits="1"/>
						<line number="20" hits="1"/>
					</lines>
				</class>
			</classes>
		</package>
		<package name="workers" line-rate="0.5986" branch-rate="0" complexity="0">
			<classes>
				<class name="__init__.py" filename="workers/__init__.py" complexity="0" line-rate="0.3333" branch-rate="0">
					<methods/>
					<lines>
						<line number="6" hits="1"/>
						<line number="8" hits="0"/>
						<line number="9" hits="0"/>
					</lines>
				</class>
				<class name="periodic_scheduler.py" filename="workers/periodic_scheduler.py" complexity="0" line-rate="0" branch-rate="0">
					<methods/>
					<lines>
						<line number="6" hits="0"/>
						<line number="7" hits="0"/>
						<line number="8" hits="0"/>
						<line number="9" hits="0"/>
						<line number="16" hits="0"/>
						<line number="19" hits="0"/>
						<line number="30" hits="0"/>
						<line number="31" hits="0"/>
						<line number="32" hits="0"/>
					</lines>
				</class>
				<class name="scheduler.py" filename="workers/scheduler.py" complexity="0" line-rate="0.2209" branch-rate="0">
					<methods/>
					<lines>
						<line number="6" hits="1"/>
						<line number="7" hits="1"/>
						<line number="8" hits="1"/>
						<line number="9" hits="1"/>
						<line number="10" hits="1"/>
						<line number="11" hits="1"/>
						<line number="12" hits="1"/>
						<line number="13" hits="1"/>
						<line number="15" hits="1"/>
						<line number="18" hits="1"/>
						<line number="24" hits="0"/>
						<line number="26" hits="0"/>
						<line number="28" hits="0"/>
						<line number="34" hits="0"/>
						<line number="36" hits="0"/>
						<line number="37" hits="0"/>
						<line number="38" hits="0"/>
						<line number="40" hits="0"/>
						<line number="43" hits="0"/>
						<line number="44" hits="0"/>
						<line number="45" hits="0"/>
						<line number="47" hits="0"/>
						<line number="54" hits="0"/>
						<line number="55" hits="0"/>
						<line number="56" hits="0"/>
						<line number="59" hits="0"/>
						<line number="60" hits="0"/>
						<line number="62" hits="0"/>
						<line number="63" hits="0"/>
						<line number="64" hits="0"/>
						<line number="66" hits="0"/>
						<line number="68" hits="0"/>
						<line number="69" hits="0"/>
						<line number="72" hits="0"/>
						<line number="75" hits="1"/>
						<line number="80" hits="0"/>
						<line number="82" hits="0"/>
						<line number="84" hits="0"/>
						<line number="85" hits="0"/>
						<line number="86" hits="0"/>
						<line number="87" hits="0"/>
						<line number="89" hits="0"/>
						<line number="90" hits="0"/>
						<line number="91" hits="0"/>
						<line number="92" hits="0"/>
						<line number="93" hits="0"/>
						<line number="94" hits="0"/>
						<line number="97" hits="1"/>
						<line number="102" hits="0"/>
						<line number="104" hits="0"/>
						<line number="106" hits="0"/>
						<line number="107" hits="0"/>
						<line number="108" hits="0"/>
						<line number="109" hits="0"/>
						<line number="111" hits="0"/>
						<line number="112" hits="0"/>
						<line number="113" hits="0"/>
						<line number="114" hits="0"/>
						<line number="115" hits="0"/>
						<line number="116" hits="0"/>
						<line number="119" hits="1"/>
						<line number="124" hits="0"/>
						<line number="126" hits="0"/>
						<line number="127" hits="0"/>
						<line number="128" hits="0"/>
						<line number="130" hits="0"/>
						<line number="132" hits="0"/>
						<line number="142" hits="0"/>
						<line number="143" hits="0"/>
						<line number="145" hits="0"/>
						<line number="148" hits="0"/>
						<line number="149" hits="0"/>
						<line number="154" hits="1"/>
						<line number="155" hits="1"/>
						<line number="156" hits="1"/>
						<line number="157" hits="1"/>
						<line number="159" hits="1"/>
						<line number="162" hits="1"/>
						<line number="167" hits="0"/>
						<line number="168" hits="0"/>
						<line number="169" hits="0"/>
						<line number="170" hits="0"/>
						<line number="171" hits="0"/>
						<line number="172" hits="0"/>
						<line number="173" hits="0"/>
						<line number="175" hits="0"/>
					</lines>
				</class>
				<class name="startup.py" filename="workers/startup.py" complexity="0" line-rate="0" branch-rate="0">
					<methods/>
					<lines>
						<line number="5" hits="0"/>
						<line number="6" hits="0"/>
						<line number="8" hits="0"/>
						<line number="10" hits="0"/>
						<line number="12" hits="0"/>
						<line number="13" hits="0"/>
						<line number="14" hits="0"/>
					</lines>
				</class>
				<class name="tasks.py" filename="workers/tasks.py" complexity="0" line-rate="0.8647" branch-rate="0">
					<methods/>
					<lines>
						<line number="2" hits="1"/>
						<line number="3" hits="1"/>
						<line number="4" hits="1"/>
						<line number="5" hits="1"/>
						<line number="6" hits="1"/>
						<line number="7" hits="1"/>
						<line number="8" hits="1"/>
						<line number="9" hits="1"/>
						<line number="10" hits="1"/>
						<line number="11" hits="1"/>
						<line number="12" hits="1"/>
						<line number="13" hits="1"/>
						<line number="14" hits="1"/>
						<line number="15" hits="1"/>
						<line number="16" hits="1"/>
						<line number="19" hits="1"/>
						<line number="20" hits="1"/>
						<line number="23" hits="1"/>
						<line number="25" hits="1"/>
						<line number="28" hits="1"/>
						<line number="29" hits="1"/>
						<line number="30" hits="1"/>
						<line number="31" hits="1"/>
						<line number="32" hits="0"/>
						<line number="33" hits="0"/>
						<line number="35" hits="1"/>
						<line number="36" hits="1"/>
						<line number="40" hits="1"/>
						<line number="42" hits="1"/>
						<line number="43" hits="1"/>
						<line number="44" hits="1"/>
						<line number="45" hits="1"/>
						<line number="46" hits="1"/>
						<line number="49" hits="1"/>
						<line number="50" hits="1"/>
						<line number="51" hits="1"/>
						<line number="53" hits="1"/>
						<line number="54" hits="1"/>
						<line number="55" hits="1"/>
						<line number="56" hits="1"/>
						<line number="59" hits="1"/>
						<line number="60" hits="1"/>
						<line number="61" hits="1"/>
						<line number="64" hits="1"/>
						<line number="66" hits="1"/>
						<line number="67" hits="1"/>
						<line number="68" hits="1"/>
						<line number="71" hits="1"/>
						<line number="72" hits="1"/>
						<line number="73" hits="1"/>
						<line number="75" hits="1"/>
						<line number="76" hits="1"/>
						<line number="79" hits="1"/>
						<line number="80" hits="1"/>
						<line number="81" hits="1"/>
						<line number="84" hits="1"/>
						<line number="87" hits="1"/>
						<line number="89" hits="1"/>
						<line number="91" hits="1"/>
						<line number="94" hits="1"/>
						<line number="99" hits="1"/>
						<line number="100" hits="1"/>
						<line number="103" hits="1"/>
						<line number="106" hits="1"/>
						<line number="108" hits="1"/>
						<line number="109" hits="1"/>
						<line number="110" hits="1"/>
						<line number="112" hits="1"/>
						<line number="117" hits="1"/>
						<line number="118" hits="1"/>
						<line number="121" hits="1"/>
						<line number="124" hits="1"/>
						<line number="126" hits="1"/>
						<line number="127" hits="1"/>
						<line number="128" hits="1"/>
						<line number="130" hits="1"/>
						<line number="131" hits="1"/>
						<line number="132" hits="1"/>
						<line number="133" hits="1"/>
						<line number="141" hits="1"/>
						<line number="142" hits="1"/>
						<line number="143" hits="1"/>
						<line number="144" hits="1"/>
						<line number="145" hits="1"/>
						<line number="146" hits="1"/>
						<line number="149" hits="1"/>
						<line number="150" hits="1"/>
						<line number="151" hits="1"/>
						<line number="153" hits="1"/>
						<line number="154" hits="1"/>
						<line number="156" hits="1"/>
						<line number="157" hits="1"/>
						<line number="158" hits="1"/>
						<line number="159" hits="1"/>
						<line number="162" hits="1"/>
						<line number="163" hits="1"/>
						<line number="164" hits="1"/>
						<line number="166" hits="1"/>
						<line number="167" hits="1"/>
						<line number="168" hits="1"/>
						<line number="170" hits="1"/>
						<line number="171" hits="1"/>
						<line number="172" hits="1"/>
						<line number="173" hits="1"/>
						<line number="176" hits="1"/>
						<line number="178" hits="1"/>
						<line number="180" hits="1"/>
						<line number="183" hits="1"/>
						<line number="184" hits="1"/>
						<line number="185" hits="1"/>
						<line number="186" hits="0"/>
						<line number="188" hits="0"/>
						<line number="191" hits="1"/>
						<line number="192" hits="1"/>
						<line number="200" hits="1"/>
						<line number="202" hits="1"/>
						<line number="204" hits="1"/>
						<line number="207" hits="1"/>
						<line number="218" hits="1"/>
						<line number="219" hits="1"/>
						<line number="222" hits="1"/>
						<line number="223" hits="1"/>
						<line number="224" hits="1"/>
						<line number="225" hits="1"/>
						<line number="228" hits="1"/>
						<line number="229" hits="0"/>
						<line number="230" hits="1"/>
						<line number="231" hits="0"/>
						<line number="232" hits="1"/>
						<line number="233" hits="0"/>
						<line number="234" hits="1"/>
						<line number="235" hits="0"/>
						<line number="236" hits="1"/>
						<line number="237" hits="0"/>
						<line number="239" hits="1"/>
						<line number="252" hits="1"/>
						<line number="255" hits="1"/>
						<line number="256" hits="1"/>
						<line number="257" hits="1"/>
						<line number="258" hits="1"/>
						<line number="259" hits="1"/>
						<line number="260" hits="1"/>
						<line number="262" hits="1"/>
						<line number="263" hits="0"/>
						<line number="264" hits="0"/>
						<line number="266" hits="1"/>
						<line number="268" hits="1"/>
						<line number="269" hits="1"/>
						<line number="270" hits="1"/>
						<line number="271" hits="1"/>
						<line number="272" hits="1"/>
						<line number="273" hits="1"/>
						<line number="275" hits="1"/>
						<line number="276" hits="1"/>
						<line number="280" hits="0"/>
						<line number="282" hits="0"/>
						<line number="283" hits="0"/>
						<line number="284" hits="0"/>
						<line number="285" hits="0"/>
						<line number="286" hits="0"/>
						<line number="287" hits="0"/>
						<line number="289" hits="0"/>
						<line number="290" hits="0"/>
						<line number="291" hits="0"/>
						<line number="292" hits="0"/>
						<line number="293" hits="0"/>
						<line number="295" hits="1"/>
						<line number="296" hits="1"/>
						<line number="300" hits="1"/>
						<line number="301" hits="1"/>
					</lines>
				</class>
				<class name="worker_bootstrap.py" filename="workers/worker_bootstrap.py" complexity="0" line-rate="0" branch-rate="0">
					<methods/>
					<lines>
						<line number="7" hits="0"/>
						<line number="10" hits="0"/>
						<line number="19" hits="0"/>
						<line number="22" hits="0"/>
					</lines>
				</class>
			</classes>
		</package>
	</packages>
</coverage>
